[2017-11-01 17:45:09] php.DEBUG: Warning: fsockopen(): unable to connect to 127.0.0.1:8000 (Connection refused) {"exception":"[object] (Symfony\\Component\\Debug\\Exception\\SilencedErrorContext: {\"severity\":2,\"file\":\"/home/ITRANSITION.CORP/p.eroshevich/test_task/vendor/symfony/symfony/src/Symfony/Bundle/WebServerBundle/WebServerConfig.php\",\"line\":120,\"trace\":[{\"file\":\"/home/ITRANSITION.CORP/p.eroshevich/test_task/vendor/symfony/symfony/src/Symfony/Bundle/WebServerBundle/WebServerConfig.php\",\"line\":54,\"function\":\"findBestPort\",\"class\":\"Symfony\\\\Bundle\\\\WebServerBundle\\\\WebServerConfig\",\"type\":\"->\"}],\"count\":1})"} []
[2017-11-01 17:45:22] request.INFO: Matched route "homepage". {"route":"homepage","route_parameters":{"_controller":"AppBundle\\Controller\\DefaultController::indexAction","_route":"homepage"},"request_uri":"http://127.0.0.1:8000/","method":"GET"} []
[2017-11-01 17:45:22] security.INFO: Populated the TokenStorage with an anonymous Token. [] []
[2017-11-01 17:45:22] request.INFO: Matched route "_wdt". {"route":"_wdt","route_parameters":{"_controller":"web_profiler.controller.profiler:toolbarAction","token":"3c580b","_route":"_wdt"},"request_uri":"http://127.0.0.1:8000/_wdt/3c580b","method":"GET"} []
[2017-11-01 19:15:15] php.DEBUG: Warning: fsockopen(): unable to connect to 127.0.0.1:8000 (Connection refused) {"exception":"[object] (Symfony\\Component\\Debug\\Exception\\SilencedErrorContext: {\"severity\":2,\"file\":\"/home/ITRANSITION.CORP/p.eroshevich/test_task/vendor/symfony/symfony/src/Symfony/Bundle/WebServerBundle/WebServerConfig.php\",\"line\":120,\"trace\":[{\"file\":\"/home/ITRANSITION.CORP/p.eroshevich/test_task/vendor/symfony/symfony/src/Symfony/Bundle/WebServerBundle/WebServerConfig.php\",\"line\":54,\"function\":\"findBestPort\",\"class\":\"Symfony\\\\Bundle\\\\WebServerBundle\\\\WebServerConfig\",\"type\":\"->\"}],\"count\":1})"} []
[2017-11-01 19:15:44] request.ERROR: Uncaught PHP Exception Symfony\Component\HttpKernel\Exception\NotFoundHttpException: "No route found for "GET /phpmyAdmin"" at /home/ITRANSITION.CORP/p.eroshevich/test_task/vendor/symfony/symfony/src/Symfony/Component/HttpKernel/EventListener/RouterListener.php line 123 {"exception":"[object] (Symfony\\Component\\HttpKernel\\Exception\\NotFoundHttpException(code: 0): No route found for \"GET /phpmyAdmin\" at /home/ITRANSITION.CORP/p.eroshevich/test_task/vendor/symfony/symfony/src/Symfony/Component/HttpKernel/EventListener/RouterListener.php:123, Symfony\\Component\\Routing\\Exception\\ResourceNotFoundException(code: 0):  at /home/ITRANSITION.CORP/p.eroshevich/test_task/var/cache/dev/appDevDebugProjectContainerUrlMatcher.php:115)"} []
[2017-11-01 19:15:44] request.INFO: Matched route "_wdt". {"route":"_wdt","route_parameters":{"_controller":"web_profiler.controller.profiler:toolbarAction","token":"e55b9d","_route":"_wdt"},"request_uri":"http://127.0.0.1:8000/_wdt/e55b9d","method":"GET"} []
[2017-11-01 19:17:02] request.ERROR: Uncaught PHP Exception Symfony\Component\HttpKernel\Exception\NotFoundHttpException: "No route found for "GET /phpmyAdmin"" at /home/ITRANSITION.CORP/p.eroshevich/test_task/vendor/symfony/symfony/src/Symfony/Component/HttpKernel/EventListener/RouterListener.php line 123 {"exception":"[object] (Symfony\\Component\\HttpKernel\\Exception\\NotFoundHttpException(code: 0): No route found for \"GET /phpmyAdmin\" at /home/ITRANSITION.CORP/p.eroshevich/test_task/vendor/symfony/symfony/src/Symfony/Component/HttpKernel/EventListener/RouterListener.php:123, Symfony\\Component\\Routing\\Exception\\ResourceNotFoundException(code: 0):  at /home/ITRANSITION.CORP/p.eroshevich/test_task/var/cache/dev/appDevDebugProjectContainerUrlMatcher.php:115)"} []
[2017-11-01 19:17:03] request.INFO: Matched route "_wdt". {"route":"_wdt","route_parameters":{"_controller":"web_profiler.controller.profiler:toolbarAction","token":"9fb5fc","_route":"_wdt"},"request_uri":"http://127.0.0.1:8000/_wdt/9fb5fc","method":"GET"} []
[2017-11-01 19:17:05] request.ERROR: Uncaught PHP Exception Symfony\Component\HttpKernel\Exception\NotFoundHttpException: "No route found for "GET /phpmyAdmin"" at /home/ITRANSITION.CORP/p.eroshevich/test_task/vendor/symfony/symfony/src/Symfony/Component/HttpKernel/EventListener/RouterListener.php line 123 {"exception":"[object] (Symfony\\Component\\HttpKernel\\Exception\\NotFoundHttpException(code: 0): No route found for \"GET /phpmyAdmin\" at /home/ITRANSITION.CORP/p.eroshevich/test_task/vendor/symfony/symfony/src/Symfony/Component/HttpKernel/EventListener/RouterListener.php:123, Symfony\\Component\\Routing\\Exception\\ResourceNotFoundException(code: 0):  at /home/ITRANSITION.CORP/p.eroshevich/test_task/var/cache/dev/appDevDebugProjectContainerUrlMatcher.php:115)"} []
[2017-11-01 19:17:05] request.INFO: Matched route "_wdt". {"route":"_wdt","route_parameters":{"_controller":"web_profiler.controller.profiler:toolbarAction","token":"5f6305","_route":"_wdt"},"request_uri":"http://127.0.0.1:8000/_wdt/5f6305","method":"GET"} []
[2017-11-01 19:17:24] request.ERROR: Uncaught PHP Exception Symfony\Component\HttpKernel\Exception\NotFoundHttpException: "No route found for "GET /phpmyAdmin"" at /home/ITRANSITION.CORP/p.eroshevich/test_task/vendor/symfony/symfony/src/Symfony/Component/HttpKernel/EventListener/RouterListener.php line 123 {"exception":"[object] (Symfony\\Component\\HttpKernel\\Exception\\NotFoundHttpException(code: 0): No route found for \"GET /phpmyAdmin\" at /home/ITRANSITION.CORP/p.eroshevich/test_task/vendor/symfony/symfony/src/Symfony/Component/HttpKernel/EventListener/RouterListener.php:123, Symfony\\Component\\Routing\\Exception\\ResourceNotFoundException(code: 0):  at /home/ITRANSITION.CORP/p.eroshevich/test_task/var/cache/dev/appDevDebugProjectContainerUrlMatcher.php:115)"} []
[2017-11-01 19:17:24] request.INFO: Matched route "_wdt". {"route":"_wdt","route_parameters":{"_controller":"web_profiler.controller.profiler:toolbarAction","token":"125d50","_route":"_wdt"},"request_uri":"http://127.0.0.1:8000/_wdt/125d50","method":"GET"} []
[2017-11-01 19:18:32] request.INFO: Matched route "homepage". {"route":"homepage","route_parameters":{"_controller":"AppBundle\\Controller\\DefaultController::indexAction","_route":"homepage"},"request_uri":"http://127.0.0.1:8000/","method":"GET"} []
[2017-11-01 19:18:32] security.INFO: Populated the TokenStorage with an anonymous Token. [] []
[2017-11-01 19:18:32] request.INFO: Matched route "_wdt". {"route":"_wdt","route_parameters":{"_controller":"web_profiler.controller.profiler:toolbarAction","token":"88586c","_route":"_wdt"},"request_uri":"http://127.0.0.1:8000/_wdt/88586c","method":"GET"} []
[2017-11-01 19:18:51] request.ERROR: Uncaught PHP Exception Symfony\Component\HttpKernel\Exception\NotFoundHttpException: "No route found for "GET /phpMyAdmin"" at /home/ITRANSITION.CORP/p.eroshevich/test_task/vendor/symfony/symfony/src/Symfony/Component/HttpKernel/EventListener/RouterListener.php line 123 {"exception":"[object] (Symfony\\Component\\HttpKernel\\Exception\\NotFoundHttpException(code: 0): No route found for \"GET /phpMyAdmin\" at /home/ITRANSITION.CORP/p.eroshevich/test_task/vendor/symfony/symfony/src/Symfony/Component/HttpKernel/EventListener/RouterListener.php:123, Symfony\\Component\\Routing\\Exception\\ResourceNotFoundException(code: 0):  at /home/ITRANSITION.CORP/p.eroshevich/test_task/var/cache/dev/appDevDebugProjectContainerUrlMatcher.php:115)"} []
[2017-11-01 19:18:51] request.INFO: Matched route "_wdt". {"route":"_wdt","route_parameters":{"_controller":"web_profiler.controller.profiler:toolbarAction","token":"5799a5","_route":"_wdt"},"request_uri":"http://127.0.0.1:8000/_wdt/5799a5","method":"GET"} []
[2017-11-01 19:19:16] request.INFO: Matched route "_profiler". {"route":"_profiler","route_parameters":{"_controller":"web_profiler.controller.profiler:panelAction","token":"5799a5","_route":"_profiler"},"request_uri":"http://127.0.0.1:8000/_profiler/5799a5?panel=security","method":"GET"} []
[2017-11-01 19:19:16] request.INFO: Matched route "_profiler_search_bar". {"route":"_profiler_search_bar","route_parameters":{"_controller":"web_profiler.controller.profiler:searchBarAction","_route":"_profiler_search_bar"},"request_uri":"http://127.0.0.1:8000/_profiler/search_bar?panel=security","method":"GET"} []
[2017-11-01 19:19:47] request.INFO: Matched route "_profiler". {"route":"_profiler","route_parameters":{"_controller":"web_profiler.controller.profiler:panelAction","token":"5799a5","_route":"_profiler"},"request_uri":"http://127.0.0.1:8000/_profiler/5799a5?panel=logger","method":"GET"} []
[2017-11-01 19:19:47] request.INFO: Matched route "_profiler_search_bar". {"route":"_profiler_search_bar","route_parameters":{"_controller":"web_profiler.controller.profiler:searchBarAction","_route":"_profiler_search_bar"},"request_uri":"http://127.0.0.1:8000/_profiler/search_bar?panel=logger","method":"GET"} []
[2017-11-01 19:19:53] request.INFO: Matched route "_profiler". {"route":"_profiler","route_parameters":{"_controller":"web_profiler.controller.profiler:panelAction","token":"5799a5","_route":"_profiler"},"request_uri":"http://127.0.0.1:8000/_profiler/5799a5?panel=exception","method":"GET"} []
[2017-11-01 19:19:53] request.INFO: Matched route "_profiler_exception_css". {"route":"_profiler_exception_css","route_parameters":{"_controller":"web_profiler.controller.exception:cssAction","token":"5799a5","_route":"_profiler_exception_css"},"request_uri":"http://127.0.0.1:8000/_profiler/5799a5/exception.css","method":"GET"} []
[2017-11-01 19:19:53] request.INFO: Matched route "_profiler_search_bar". {"route":"_profiler_search_bar","route_parameters":{"_controller":"web_profiler.controller.profiler:searchBarAction","_route":"_profiler_search_bar"},"request_uri":"http://127.0.0.1:8000/_profiler/search_bar?panel=exception","method":"GET"} []
[2017-11-01 19:19:53] request.INFO: Matched route "_profiler_exception". {"route":"_profiler_exception","route_parameters":{"_controller":"web_profiler.controller.exception:showAction","token":"5799a5","_route":"_profiler_exception"},"request_uri":"http://127.0.0.1:8000/_profiler/5799a5/exception","method":"GET"} []
[2017-11-01 19:20:42] request.INFO: Matched route "_profiler". {"route":"_profiler","route_parameters":{"_controller":"web_profiler.controller.profiler:panelAction","token":"5799a5","_route":"_profiler"},"request_uri":"http://127.0.0.1:8000/_profiler/5799a5?panel=dump","method":"GET"} []
[2017-11-01 19:20:42] request.INFO: Matched route "_profiler_search_bar". {"route":"_profiler_search_bar","route_parameters":{"_controller":"web_profiler.controller.profiler:searchBarAction","_route":"_profiler_search_bar"},"request_uri":"http://127.0.0.1:8000/_profiler/search_bar?panel=dump","method":"GET"} []
[2017-11-01 19:20:43] request.INFO: Matched route "_profiler". {"route":"_profiler","route_parameters":{"_controller":"web_profiler.controller.profiler:panelAction","token":"5799a5","_route":"_profiler"},"request_uri":"http://127.0.0.1:8000/_profiler/5799a5?panel=router","method":"GET"} []
[2017-11-01 19:20:43] request.INFO: Matched route "_profiler_search_bar". {"route":"_profiler_search_bar","route_parameters":{"_controller":"web_profiler.controller.profiler:searchBarAction","_route":"_profiler_search_bar"},"request_uri":"http://127.0.0.1:8000/_profiler/search_bar?panel=router","method":"GET"} []
[2017-11-01 19:20:43] request.INFO: Matched route "_profiler_router". {"route":"_profiler_router","route_parameters":{"_controller":"web_profiler.controller.router:panelAction","token":"5799a5","_route":"_profiler_router"},"request_uri":"http://127.0.0.1:8000/_profiler/5799a5/router","method":"GET"} []
[2017-11-01 19:20:52] request.INFO: Matched route "_profiler". {"route":"_profiler","route_parameters":{"_controller":"web_profiler.controller.profiler:panelAction","token":"5799a5","_route":"_profiler"},"request_uri":"http://127.0.0.1:8000/_profiler/5799a5?panel=logger","method":"GET"} []
[2017-11-01 19:20:52] request.INFO: Matched route "_profiler_search_bar". {"route":"_profiler_search_bar","route_parameters":{"_controller":"web_profiler.controller.profiler:searchBarAction","_route":"_profiler_search_bar"},"request_uri":"http://127.0.0.1:8000/_profiler/search_bar?panel=logger","method":"GET"} []
[2017-11-01 19:25:14] php.DEBUG: Warning: fsockopen(): unable to connect to 127.0.0.1:8000 (Connection refused) {"exception":"[object] (Symfony\\Component\\Debug\\Exception\\SilencedErrorContext: {\"severity\":2,\"file\":\"/home/ITRANSITION.CORP/p.eroshevich/test_task/vendor/symfony/symfony/src/Symfony/Bundle/WebServerBundle/WebServerConfig.php\",\"line\":120,\"trace\":[{\"file\":\"/home/ITRANSITION.CORP/p.eroshevich/test_task/vendor/symfony/symfony/src/Symfony/Bundle/WebServerBundle/WebServerConfig.php\",\"line\":54,\"function\":\"findBestPort\",\"class\":\"Symfony\\\\Bundle\\\\WebServerBundle\\\\WebServerConfig\",\"type\":\"->\"}],\"count\":1})"} []
[2017-11-01 19:25:18] request.ERROR: Uncaught PHP Exception Symfony\Component\HttpKernel\Exception\NotFoundHttpException: "No route found for "GET /app/example"" at /home/ITRANSITION.CORP/p.eroshevich/test_task/vendor/symfony/symfony/src/Symfony/Component/HttpKernel/EventListener/RouterListener.php line 123 {"exception":"[object] (Symfony\\Component\\HttpKernel\\Exception\\NotFoundHttpException(code: 0): No route found for \"GET /app/example\" at /home/ITRANSITION.CORP/p.eroshevich/test_task/vendor/symfony/symfony/src/Symfony/Component/HttpKernel/EventListener/RouterListener.php:123, Symfony\\Component\\Routing\\Exception\\ResourceNotFoundException(code: 0):  at /home/ITRANSITION.CORP/p.eroshevich/test_task/var/cache/dev/appDevDebugProjectContainerUrlMatcher.php:115)"} []
[2017-11-01 19:25:18] request.INFO: Matched route "_wdt". {"route":"_wdt","route_parameters":{"_controller":"web_profiler.controller.profiler:toolbarAction","token":"dfefa4","_route":"_wdt"},"request_uri":"http://127.0.0.1:8000/app_dev.php/_wdt/dfefa4","method":"GET"} []
[2017-11-02 14:38:46] console.ERROR: Error thrown while running command "doctrine:database:create". Message: "An exception occured in driver: SQLSTATE[HY000] [1045] Access denied for user 'root'@'localhost' (using password: NO)" {"error":"[object] (Doctrine\\DBAL\\Exception\\ConnectionException(code: 0): An exception occured in driver: SQLSTATE[HY000] [1045] Access denied for user 'root'@'localhost' (using password: NO) at /home/ITRANSITION.CORP/p.eroshevich/test_task/vendor/doctrine/dbal/lib/Doctrine/DBAL/Driver/AbstractMySQLDriver.php:103, Doctrine\\DBAL\\Driver\\PDOException(code: 1045): SQLSTATE[HY000] [1045] Access denied for user 'root'@'localhost' (using password: NO) at /home/ITRANSITION.CORP/p.eroshevich/test_task/vendor/doctrine/dbal/lib/Doctrine/DBAL/Driver/PDOConnection.php:47, PDOException(code: 1045): SQLSTATE[HY000] [1045] Access denied for user 'root'@'localhost' (using password: NO) at /home/ITRANSITION.CORP/p.eroshevich/test_task/vendor/doctrine/dbal/lib/Doctrine/DBAL/Driver/PDOConnection.php:43)","command":"doctrine:database:create","message":"An exception occured in driver: SQLSTATE[HY000] [1045] Access denied for user 'root'@'localhost' (using password: NO)"} []
[2017-11-02 14:38:46] console.DEBUG: Command "doctrine:database:create" exited with code "1" {"command":"doctrine:database:create","code":1} []
[2017-11-02 14:46:28] console.ERROR: Error thrown while running command "doctrine:generate:entity". Message: "An exception occured in driver: SQLSTATE[HY000] [1045] Access denied for user 'root'@'localhost' (using password: NO)" {"error":"[object] (Doctrine\\DBAL\\Exception\\ConnectionException(code: 0): An exception occured in driver: SQLSTATE[HY000] [1045] Access denied for user 'root'@'localhost' (using password: NO) at /home/ITRANSITION.CORP/p.eroshevich/test_task/vendor/doctrine/dbal/lib/Doctrine/DBAL/Driver/AbstractMySQLDriver.php:103, Doctrine\\DBAL\\Driver\\PDOException(code: 1045): SQLSTATE[HY000] [1045] Access denied for user 'root'@'localhost' (using password: NO) at /home/ITRANSITION.CORP/p.eroshevich/test_task/vendor/doctrine/dbal/lib/Doctrine/DBAL/Driver/PDOConnection.php:47, PDOException(code: 1045): SQLSTATE[HY000] [1045] Access denied for user 'root'@'localhost' (using password: NO) at /home/ITRANSITION.CORP/p.eroshevich/test_task/vendor/doctrine/dbal/lib/Doctrine/DBAL/Driver/PDOConnection.php:43)","command":"doctrine:generate:entity","message":"An exception occured in driver: SQLSTATE[HY000] [1045] Access denied for user 'root'@'localhost' (using password: NO)"} []
[2017-11-02 14:46:28] console.DEBUG: Command "doctrine:generate:entity" exited with code "1" {"command":"doctrine:generate:entity","code":1} []
[2017-11-02 14:48:47] console.ERROR: Error thrown while running command "doctrine:schema:validate". Message: "An exception occured in driver: SQLSTATE[HY000] [1045] Access denied for user 'root'@'localhost' (using password: NO)" {"error":"[object] (Doctrine\\DBAL\\Exception\\ConnectionException(code: 0): An exception occured in driver: SQLSTATE[HY000] [1045] Access denied for user 'root'@'localhost' (using password: NO) at /home/ITRANSITION.CORP/p.eroshevich/test_task/vendor/doctrine/dbal/lib/Doctrine/DBAL/Driver/AbstractMySQLDriver.php:103, Doctrine\\DBAL\\Driver\\PDOException(code: 1045): SQLSTATE[HY000] [1045] Access denied for user 'root'@'localhost' (using password: NO) at /home/ITRANSITION.CORP/p.eroshevich/test_task/vendor/doctrine/dbal/lib/Doctrine/DBAL/Driver/PDOConnection.php:47, PDOException(code: 1045): SQLSTATE[HY000] [1045] Access denied for user 'root'@'localhost' (using password: NO) at /home/ITRANSITION.CORP/p.eroshevich/test_task/vendor/doctrine/dbal/lib/Doctrine/DBAL/Driver/PDOConnection.php:43)","command":"doctrine:schema:validate","message":"An exception occured in driver: SQLSTATE[HY000] [1045] Access denied for user 'root'@'localhost' (using password: NO)"} []
[2017-11-02 14:48:47] console.DEBUG: Command "doctrine:schema:validate" exited with code "1" {"command":"doctrine:schema:validate","code":1} []
[2017-11-02 17:52:50] console.ERROR: Error thrown while running command "'d:s:c'". Message: "[Semantical Error] The annotation "@Gedmo\Mapping\Annotation\Timestampable" in property AppBundle\Entity\Product::$timestamp does not exist, or could not be auto-loaded." {"error":"[object] (Doctrine\\Common\\Annotations\\AnnotationException(code: 0): [Semantical Error] The annotation \"@Gedmo\\Mapping\\Annotation\\Timestampable\" in property AppBundle\\Entity\\Product::$timestamp does not exist, or could not be auto-loaded. at /home/ITRANSITION.CORP/p.eroshevich/test_task/vendor/doctrine/annotations/lib/Doctrine/Common/Annotations/AnnotationException.php:54)","command":"'d:s:c'","message":"[Semantical Error] The annotation \"@Gedmo\\Mapping\\Annotation\\Timestampable\" in property AppBundle\\Entity\\Product::$timestamp does not exist, or could not be auto-loaded."} []
[2017-11-02 17:52:50] console.DEBUG: Command "'d:s:c'" exited with code "1" {"command":"'d:s:c'","code":1} []
[2017-11-02 18:00:02] console.ERROR: Error thrown while running command "'d:s:c'". Message: "[Semantical Error] The annotation "@Gedmo\Mapping\Annotation\Timestampable" in property AppBundle\Entity\Product::$timestamp does not exist, or could not be auto-loaded." {"error":"[object] (Doctrine\\Common\\Annotations\\AnnotationException(code: 0): [Semantical Error] The annotation \"@Gedmo\\Mapping\\Annotation\\Timestampable\" in property AppBundle\\Entity\\Product::$timestamp does not exist, or could not be auto-loaded. at /home/ITRANSITION.CORP/p.eroshevich/test_task/vendor/doctrine/annotations/lib/Doctrine/Common/Annotations/AnnotationException.php:54)","command":"'d:s:c'","message":"[Semantical Error] The annotation \"@Gedmo\\Mapping\\Annotation\\Timestampable\" in property AppBundle\\Entity\\Product::$timestamp does not exist, or could not be auto-loaded."} []
[2017-11-02 18:00:02] console.DEBUG: Command "'d:s:c'" exited with code "1" {"command":"'d:s:c'","code":1} []
[2017-11-03 11:14:29] console.ERROR: Error thrown while running command "'d:s:c'". Message: "[Semantical Error] The annotation "@Gedmo\Timestampable" in property AppBundle\Entity\Product::$timestamp was never imported. Did you maybe forget to add a "use" statement for this annotation?" {"error":"[object] (Doctrine\\Common\\Annotations\\AnnotationException(code: 0): [Semantical Error] The annotation \"@Gedmo\\Timestampable\" in property AppBundle\\Entity\\Product::$timestamp was never imported. Did you maybe forget to add a \"use\" statement for this annotation? at /home/ITRANSITION.CORP/p.eroshevich/test_task/vendor/doctrine/annotations/lib/Doctrine/Common/Annotations/AnnotationException.php:54)","command":"'d:s:c'","message":"[Semantical Error] The annotation \"@Gedmo\\Timestampable\" in property AppBundle\\Entity\\Product::$timestamp was never imported. Did you maybe forget to add a \"use\" statement for this annotation?"} []
[2017-11-03 11:14:29] console.DEBUG: Command "'d:s:c'" exited with code "1" {"command":"'d:s:c'","code":1} []
[2017-11-03 11:14:42] doctrine.DEBUG: CREATE TABLE tblProductData (id INT AUTO_INCREMENT NOT NULL, strProductName VARCHAR(50) NOT NULL, strProductDesc VARCHAR(255) NOT NULL, intProductStock INT NOT NULL, numProductCost NUMERIC(10, 0) NOT NULL, strProductCode VARCHAR(10) NOT NULL, dtmAdded DATETIME DEFAULT NULL, dtmDiscounted DATETIME DEFAULT NULL, stmTimestamp INT NOT NULL, PRIMARY KEY(id)) DEFAULT CHARACTER SET utf8 COLLATE utf8_unicode_ci ENGINE = InnoDB [] []
[2017-11-04 10:49:03] doctrine.DEBUG: SHOW FULL TABLES WHERE Table_type = 'BASE TABLE' [] []
[2017-11-04 10:49:03] doctrine.DEBUG: CREATE TABLE migration_versions (version VARCHAR(255) NOT NULL, PRIMARY KEY(version)) DEFAULT CHARACTER SET utf8 COLLATE utf8_unicode_ci ENGINE = InnoDB [] []
[2017-11-04 10:49:04] doctrine.DEBUG: SELECT version FROM migration_versions [] []
[2017-11-04 10:49:04] doctrine.DEBUG: SELECT version FROM migration_versions ORDER BY version DESC LIMIT 1 [] []
[2017-11-04 10:49:04] doctrine.DEBUG: SELECT version FROM migration_versions [] []
[2017-11-04 10:49:07] console.ERROR: Error thrown while running command "'d:m:m'". Message: "Could not find any migrations to execute." {"error":"[object] (Doctrine\\DBAL\\Migrations\\MigrationException(code: 4): Could not find any migrations to execute. at /home/ITRANSITION.CORP/p.eroshevich/test_task/vendor/doctrine/migrations/lib/Doctrine/DBAL/Migrations/MigrationException.php:46)","command":"'d:m:m'","message":"Could not find any migrations to execute."} []
[2017-11-04 10:49:07] console.DEBUG: Command "'d:m:m'" exited with code "4" {"command":"'d:m:m'","code":4} []
[2017-11-04 10:49:26] console.ERROR: Error thrown while running command "'d:m:'". Message: "Command "d:m:" is ambiguous. Did you mean one of these?     doctrine:mapping:import      Imports mapping information from an existing database     doctrine:mapping:convert     Convert mapping information between supported formats.     doctrine:mapping:info             doctrine:migrations:diff     Generate a migration by comparing your current database to your mapping information.     doctrine:migrations:execute  Execute a single migration version up or down manually.     doctrine:migrations:generate Generate a blank migration class.     doctrine:migrations:latest   Outputs the latest version number     doctrine:migrations:migrate  Execute a migration to a specified version or the latest available version.     doctrine:migrations:status   View the status of a set of migrations.     doctrine:migrations:version  Manually add and delete migration versions from the version table." {"error":"[object] (Symfony\\Component\\Console\\Exception\\CommandNotFoundException(code: 0): Command \"d:m:\" is ambiguous.\nDid you mean one of these?\n    doctrine:mapping:import      Imports mapping information from an existing database\n    doctrine:mapping:convert     Convert mapping information between supported formats.\n    doctrine:mapping:info        \n    doctrine:migrations:diff     Generate a migration by comparing your current database to your mapping information.\n    doctrine:migrations:execute  Execute a single migration version up or down manually.\n    doctrine:migrations:generate Generate a blank migration class.\n    doctrine:migrations:latest   Outputs the latest version number\n    doctrine:migrations:migrate  Execute a migration to a specified version or the latest available version.\n    doctrine:migrations:status   View the status of a set of migrations.\n    doctrine:migrations:version  Manually add and delete migration versions from the version table. at /home/ITRANSITION.CORP/p.eroshevich/test_task/vendor/symfony/symfony/src/Symfony/Component/Console/Application.php:624)","command":"'d:m:'","message":"Command \"d:m:\" is ambiguous.\nDid you mean one of these?\n    doctrine:mapping:import      Imports mapping information from an existing database\n    doctrine:mapping:convert     Convert mapping information between supported formats.\n    doctrine:mapping:info        \n    doctrine:migrations:diff     Generate a migration by comparing your current database to your mapping information.\n    doctrine:migrations:execute  Execute a single migration version up or down manually.\n    doctrine:migrations:generate Generate a blank migration class.\n    doctrine:migrations:latest   Outputs the latest version number\n    doctrine:migrations:migrate  Execute a migration to a specified version or the latest available version.\n    doctrine:migrations:status   View the status of a set of migrations.\n    doctrine:migrations:version  Manually add and delete migration versions from the version table."} []
[2017-11-04 10:59:49] console.ERROR: Error thrown while running command "'d:m:i'". Message: "Command "d:m:i" is ambiguous. Did you mean one of these?     doctrine:mapping:import Imports mapping information from an existing database     doctrine:mapping:info   " {"error":"[object] (Symfony\\Component\\Console\\Exception\\CommandNotFoundException(code: 0): Command \"d:m:i\" is ambiguous.\nDid you mean one of these?\n    doctrine:mapping:import Imports mapping information from an existing database\n    doctrine:mapping:info    at /home/ITRANSITION.CORP/p.eroshevich/test_task/vendor/symfony/symfony/src/Symfony/Component/Console/Application.php:624)","command":"'d:m:i'","message":"Command \"d:m:i\" is ambiguous.\nDid you mean one of these?\n    doctrine:mapping:import Imports mapping information from an existing database\n    doctrine:mapping:info   "} []
[2017-11-04 11:00:02] console.ERROR: Error thrown while running command "'d:m:import'". Message: "Not enough arguments (missing: "bundle")." {"error":"[object] (Symfony\\Component\\Console\\Exception\\RuntimeException(code: 0): Not enough arguments (missing: \"bundle\"). at /home/ITRANSITION.CORP/p.eroshevich/test_task/vendor/symfony/symfony/src/Symfony/Component/Console/Input/Input.php:82)","command":"'d:m:import'","message":"Not enough arguments (missing: \"bundle\")."} []
[2017-11-04 11:00:02] console.DEBUG: Command "'d:m:import'" exited with code "1" {"command":"'d:m:import'","code":1} []
[2017-11-04 11:01:54] doctrine.DEBUG: SHOW FULL TABLES WHERE Table_type = 'BASE TABLE' [] []
[2017-11-04 11:01:54] doctrine.DEBUG: SELECT COLUMN_NAME AS Field, COLUMN_TYPE AS Type, IS_NULLABLE AS `Null`, COLUMN_KEY AS `Key`, COLUMN_DEFAULT AS `Default`, EXTRA AS Extra, COLUMN_COMMENT AS Comment, CHARACTER_SET_NAME AS CharacterSet, COLLATION_NAME AS Collation FROM information_schema.COLUMNS WHERE TABLE_SCHEMA = 'importTest' AND TABLE_NAME = 'migration_versions' [] []
[2017-11-04 11:01:54] doctrine.DEBUG: SELECT DISTINCT k.`CONSTRAINT_NAME`, k.`COLUMN_NAME`, k.`REFERENCED_TABLE_NAME`, k.`REFERENCED_COLUMN_NAME` /*!50116 , c.update_rule, c.delete_rule */ FROM information_schema.key_column_usage k /*!50116 INNER JOIN information_schema.referential_constraints c ON   c.constraint_name = k.constraint_name AND   c.table_name = 'migration_versions' */ WHERE k.table_name = 'migration_versions' AND k.table_schema = 'importTest' /*!50116 AND c.constraint_schema = 'importTest' */ AND k.`REFERENCED_COLUMN_NAME` is not NULL [] []
[2017-11-04 11:01:54] doctrine.DEBUG: SELECT TABLE_NAME AS `Table`, NON_UNIQUE AS Non_Unique, INDEX_NAME AS Key_name, SEQ_IN_INDEX AS Seq_in_index, COLUMN_NAME AS Column_Name, COLLATION AS Collation, CARDINALITY AS Cardinality, SUB_PART AS Sub_Part, PACKED AS Packed, NULLABLE AS `Null`, INDEX_TYPE AS Index_Type, COMMENT AS Comment FROM information_schema.STATISTICS WHERE TABLE_NAME = 'migration_versions' AND TABLE_SCHEMA = 'importTest' [] []
[2017-11-04 11:01:54] doctrine.DEBUG: SELECT COLUMN_NAME AS Field, COLUMN_TYPE AS Type, IS_NULLABLE AS `Null`, COLUMN_KEY AS `Key`, COLUMN_DEFAULT AS `Default`, EXTRA AS Extra, COLUMN_COMMENT AS Comment, CHARACTER_SET_NAME AS CharacterSet, COLLATION_NAME AS Collation FROM information_schema.COLUMNS WHERE TABLE_SCHEMA = 'importTest' AND TABLE_NAME = 'tblProductData' [] []
[2017-11-04 11:01:54] doctrine.DEBUG: SELECT DISTINCT k.`CONSTRAINT_NAME`, k.`COLUMN_NAME`, k.`REFERENCED_TABLE_NAME`, k.`REFERENCED_COLUMN_NAME` /*!50116 , c.update_rule, c.delete_rule */ FROM information_schema.key_column_usage k /*!50116 INNER JOIN information_schema.referential_constraints c ON   c.constraint_name = k.constraint_name AND   c.table_name = 'tblProductData' */ WHERE k.table_name = 'tblProductData' AND k.table_schema = 'importTest' /*!50116 AND c.constraint_schema = 'importTest' */ AND k.`REFERENCED_COLUMN_NAME` is not NULL [] []
[2017-11-04 11:01:54] doctrine.DEBUG: SELECT TABLE_NAME AS `Table`, NON_UNIQUE AS Non_Unique, INDEX_NAME AS Key_name, SEQ_IN_INDEX AS Seq_in_index, COLUMN_NAME AS Column_Name, COLLATION AS Collation, CARDINALITY AS Cardinality, SUB_PART AS Sub_Part, PACKED AS Packed, NULLABLE AS `Null`, INDEX_TYPE AS Index_Type, COMMENT AS Comment FROM information_schema.STATISTICS WHERE TABLE_NAME = 'tblProductData' AND TABLE_SCHEMA = 'importTest' [] []
[2017-11-04 11:06:45] doctrine.DEBUG: SHOW FULL TABLES WHERE Table_type = 'BASE TABLE' [] []
[2017-11-04 11:06:45] doctrine.DEBUG: SELECT COLUMN_NAME AS Field, COLUMN_TYPE AS Type, IS_NULLABLE AS `Null`, COLUMN_KEY AS `Key`, COLUMN_DEFAULT AS `Default`, EXTRA AS Extra, COLUMN_COMMENT AS Comment, CHARACTER_SET_NAME AS CharacterSet, COLLATION_NAME AS Collation FROM information_schema.COLUMNS WHERE TABLE_SCHEMA = 'importTest' AND TABLE_NAME = 'migration_versions' [] []
[2017-11-04 11:06:45] doctrine.DEBUG: SELECT DISTINCT k.`CONSTRAINT_NAME`, k.`COLUMN_NAME`, k.`REFERENCED_TABLE_NAME`, k.`REFERENCED_COLUMN_NAME` /*!50116 , c.update_rule, c.delete_rule */ FROM information_schema.key_column_usage k /*!50116 INNER JOIN information_schema.referential_constraints c ON   c.constraint_name = k.constraint_name AND   c.table_name = 'migration_versions' */ WHERE k.table_name = 'migration_versions' AND k.table_schema = 'importTest' /*!50116 AND c.constraint_schema = 'importTest' */ AND k.`REFERENCED_COLUMN_NAME` is not NULL [] []
[2017-11-04 11:06:45] doctrine.DEBUG: SELECT TABLE_NAME AS `Table`, NON_UNIQUE AS Non_Unique, INDEX_NAME AS Key_name, SEQ_IN_INDEX AS Seq_in_index, COLUMN_NAME AS Column_Name, COLLATION AS Collation, CARDINALITY AS Cardinality, SUB_PART AS Sub_Part, PACKED AS Packed, NULLABLE AS `Null`, INDEX_TYPE AS Index_Type, COMMENT AS Comment FROM information_schema.STATISTICS WHERE TABLE_NAME = 'migration_versions' AND TABLE_SCHEMA = 'importTest' [] []
[2017-11-04 11:06:45] doctrine.DEBUG: SELECT COLUMN_NAME AS Field, COLUMN_TYPE AS Type, IS_NULLABLE AS `Null`, COLUMN_KEY AS `Key`, COLUMN_DEFAULT AS `Default`, EXTRA AS Extra, COLUMN_COMMENT AS Comment, CHARACTER_SET_NAME AS CharacterSet, COLLATION_NAME AS Collation FROM information_schema.COLUMNS WHERE TABLE_SCHEMA = 'importTest' AND TABLE_NAME = 'tblProductData' [] []
[2017-11-04 11:06:45] doctrine.DEBUG: SELECT DISTINCT k.`CONSTRAINT_NAME`, k.`COLUMN_NAME`, k.`REFERENCED_TABLE_NAME`, k.`REFERENCED_COLUMN_NAME` /*!50116 , c.update_rule, c.delete_rule */ FROM information_schema.key_column_usage k /*!50116 INNER JOIN information_schema.referential_constraints c ON   c.constraint_name = k.constraint_name AND   c.table_name = 'tblProductData' */ WHERE k.table_name = 'tblProductData' AND k.table_schema = 'importTest' /*!50116 AND c.constraint_schema = 'importTest' */ AND k.`REFERENCED_COLUMN_NAME` is not NULL [] []
[2017-11-04 11:06:45] doctrine.DEBUG: SELECT TABLE_NAME AS `Table`, NON_UNIQUE AS Non_Unique, INDEX_NAME AS Key_name, SEQ_IN_INDEX AS Seq_in_index, COLUMN_NAME AS Column_Name, COLLATION AS Collation, CARDINALITY AS Cardinality, SUB_PART AS Sub_Part, PACKED AS Packed, NULLABLE AS `Null`, INDEX_TYPE AS Index_Type, COMMENT AS Comment FROM information_schema.STATISTICS WHERE TABLE_NAME = 'tblProductData' AND TABLE_SCHEMA = 'importTest' [] []
[2017-11-04 13:46:53] console.ERROR: Error thrown while running command "app:import_data". Message: "Not enough arguments (missing: "filename")." {"error":"[object] (Symfony\\Component\\Console\\Exception\\RuntimeException(code: 0): Not enough arguments (missing: \"filename\"). at /home/ITRANSITION.CORP/p.eroshevich/test_task/vendor/symfony/symfony/src/Symfony/Component/Console/Input/Input.php:82)","command":"app:import_data","message":"Not enough arguments (missing: \"filename\")."} []
[2017-11-04 13:46:53] console.DEBUG: Command "app:import_data" exited with code "1" {"command":"app:import_data","code":1} []
[2017-11-04 17:12:41] console.ERROR: Error thrown while running command "app:import_data". Message: "Not enough arguments (missing: "filename")." {"error":"[object] (Symfony\\Component\\Console\\Exception\\RuntimeException(code: 0): Not enough arguments (missing: \"filename\"). at /home/ITRANSITION.CORP/p.eroshevich/test_task/vendor/symfony/symfony/src/Symfony/Component/Console/Input/Input.php:82)","command":"app:import_data","message":"Not enough arguments (missing: \"filename\")."} []
[2017-11-04 17:12:41] console.DEBUG: Command "app:import_data" exited with code "1" {"command":"app:import_data","code":1} []
[2017-11-08 12:57:27] console.ERROR: Error thrown while running command "app:import_data". Message: "Not enough arguments (missing: "filename")." {"error":"[object] (Symfony\\Component\\Console\\Exception\\RuntimeException(code: 0): Not enough arguments (missing: \"filename\"). at /home/ITRANSITION.CORP/p.eroshevich/test_task/vendor/symfony/symfony/src/Symfony/Component/Console/Input/Input.php:82)","command":"app:import_data","message":"Not enough arguments (missing: \"filename\")."} []
[2017-11-08 12:57:27] console.DEBUG: Command "app:import_data" exited with code "1" {"command":"app:import_data","code":1} []
[2017-11-08 14:35:53] console.ERROR: Error thrown while running command "app:import_data". Message: "Not enough arguments (missing: "filename")." {"error":"[object] (Symfony\\Component\\Console\\Exception\\RuntimeException(code: 0): Not enough arguments (missing: \"filename\"). at /home/ITRANSITION.CORP/p.eroshevich/test_task/vendor/symfony/symfony/src/Symfony/Component/Console/Input/Input.php:82)","command":"app:import_data","message":"Not enough arguments (missing: \"filename\")."} []
[2017-11-08 14:35:53] console.DEBUG: Command "app:import_data" exited with code "1" {"command":"app:import_data","code":1} []
[2017-11-08 14:37:45] console.ERROR: Error thrown while running command "app:import_csv". Message: "Not enough arguments (missing: "filename")." {"error":"[object] (Symfony\\Component\\Console\\Exception\\RuntimeException(code: 0): Not enough arguments (missing: \"filename\"). at /home/ITRANSITION.CORP/p.eroshevich/test_task/vendor/symfony/symfony/src/Symfony/Component/Console/Input/Input.php:82)","command":"app:import_csv","message":"Not enough arguments (missing: \"filename\")."} []
[2017-11-08 14:37:45] console.DEBUG: Command "app:import_csv" exited with code "1" {"command":"app:import_csv","code":1} []
[2017-11-08 14:50:29] console.ERROR: Error thrown while running command "app:import_csv". Message: "Not enough arguments (missing: "filename")." {"error":"[object] (Symfony\\Component\\Console\\Exception\\RuntimeException(code: 0): Not enough arguments (missing: \"filename\"). at /home/ITRANSITION.CORP/p.eroshevich/test_task/vendor/symfony/symfony/src/Symfony/Component/Console/Input/Input.php:82)","command":"app:import_csv","message":"Not enough arguments (missing: \"filename\")."} []
[2017-11-08 14:50:29] console.DEBUG: Command "app:import_csv" exited with code "1" {"command":"app:import_csv","code":1} []
[2017-11-08 15:34:13] console.ERROR: Error thrown while running command "app:import_csv stock". Message: "You have requested a non-existent service "workflow.organizer"." {"error":"[object] (Symfony\\Component\\DependencyInjection\\Exception\\ServiceNotFoundException(code: 0): You have requested a non-existent service \"workflow.organizer\". at /home/ITRANSITION.CORP/p.eroshevich/test_task/vendor/symfony/symfony/src/Symfony/Component/DependencyInjection/Container.php:327)","command":"app:import_csv stock","message":"You have requested a non-existent service \"workflow.organizer\"."} []
[2017-11-08 15:34:13] console.DEBUG: Command "app:import_csv stock" exited with code "1" {"command":"app:import_csv stock","code":1} []
[2017-11-08 15:50:20] console.ERROR: Error thrown while running command "app:import_csv 'stock.sv'". Message: "Argument 1 passed to Port\Csv\CsvReader::__construct() must be an instance of SplFileObject, integer given, called in /home/ITRANSITION.CORP/p.eroshevich/test_task/var/cache/dev/appDevDebugProjectContainer.php on line 571" {"error":"[object] (TypeError(code: 0): Argument 1 passed to Port\\Csv\\CsvReader::__construct() must be an instance of SplFileObject, integer given, called in /home/ITRANSITION.CORP/p.eroshevich/test_task/var/cache/dev/appDevDebugProjectContainer.php on line 571 at /home/ITRANSITION.CORP/p.eroshevich/test_task/vendor/portphp/csv/src/CsvReader.php:82)","command":"app:import_csv 'stock.sv'","message":"Argument 1 passed to Port\\Csv\\CsvReader::__construct() must be an instance of SplFileObject, integer given, called in /home/ITRANSITION.CORP/p.eroshevich/test_task/var/cache/dev/appDevDebugProjectContainer.php on line 571"} []
[2017-11-08 15:50:20] console.DEBUG: Command "app:import_csv 'stock.sv'" exited with code "1" {"command":"app:import_csv 'stock.sv'","code":1} []
[2017-11-08 15:50:20] php.CRITICAL: Type error: Argument 1 passed to Port\Csv\CsvReader::__construct() must be an instance of SplFileObject, integer given, called in /home/ITRANSITION.CORP/p.eroshevich/test_task/var/cache/dev/appDevDebugProjectContainer.php on line 571 {"exception":"[object] (Symfony\\Component\\Debug\\Exception\\FatalThrowableError(code: 0): Type error: Argument 1 passed to Port\\Csv\\CsvReader::__construct() must be an instance of SplFileObject, integer given, called in /home/ITRANSITION.CORP/p.eroshevich/test_task/var/cache/dev/appDevDebugProjectContainer.php on line 571 at /home/ITRANSITION.CORP/p.eroshevich/test_task/vendor/portphp/csv/src/CsvReader.php:82)"} []
[2017-11-08 15:50:32] console.ERROR: Error thrown while running command "app:import_csv stock". Message: "Argument 1 passed to Port\Csv\CsvReader::__construct() must be an instance of SplFileObject, integer given, called in /home/ITRANSITION.CORP/p.eroshevich/test_task/var/cache/dev/appDevDebugProjectContainer.php on line 571" {"error":"[object] (TypeError(code: 0): Argument 1 passed to Port\\Csv\\CsvReader::__construct() must be an instance of SplFileObject, integer given, called in /home/ITRANSITION.CORP/p.eroshevich/test_task/var/cache/dev/appDevDebugProjectContainer.php on line 571 at /home/ITRANSITION.CORP/p.eroshevich/test_task/vendor/portphp/csv/src/CsvReader.php:82)","command":"app:import_csv stock","message":"Argument 1 passed to Port\\Csv\\CsvReader::__construct() must be an instance of SplFileObject, integer given, called in /home/ITRANSITION.CORP/p.eroshevich/test_task/var/cache/dev/appDevDebugProjectContainer.php on line 571"} []
[2017-11-08 15:50:32] console.DEBUG: Command "app:import_csv stock" exited with code "1" {"command":"app:import_csv stock","code":1} []
[2017-11-08 15:50:32] php.CRITICAL: Type error: Argument 1 passed to Port\Csv\CsvReader::__construct() must be an instance of SplFileObject, integer given, called in /home/ITRANSITION.CORP/p.eroshevich/test_task/var/cache/dev/appDevDebugProjectContainer.php on line 571 {"exception":"[object] (Symfony\\Component\\Debug\\Exception\\FatalThrowableError(code: 0): Type error: Argument 1 passed to Port\\Csv\\CsvReader::__construct() must be an instance of SplFileObject, integer given, called in /home/ITRANSITION.CORP/p.eroshevich/test_task/var/cache/dev/appDevDebugProjectContainer.php on line 571 at /home/ITRANSITION.CORP/p.eroshevich/test_task/vendor/portphp/csv/src/CsvReader.php:82)"} []
[2017-11-08 17:30:17] console.ERROR: Error thrown while running command "app:import_csv stock". Message: "Class 'AppBundle\Service\DoctrineWriter' not found" {"error":"[object] (Error(code: 0): Class 'AppBundle\\Service\\DoctrineWriter' not found at /home/ITRANSITION.CORP/p.eroshevich/test_task/var/cache/dev/appDevDebugProjectContainer.php:1208)","command":"app:import_csv stock","message":"Class 'AppBundle\\Service\\DoctrineWriter' not found"} []
[2017-11-08 17:30:17] console.DEBUG: Command "app:import_csv stock" exited with code "1" {"command":"app:import_csv stock","code":1} []
[2017-11-08 17:30:17] php.CRITICAL: Class 'AppBundle\Service\DoctrineWriter' not found {"exception":"[object] (Symfony\\Component\\Debug\\Exception\\FatalThrowableError(code: 0): Class 'AppBundle\\Service\\DoctrineWriter' not found at /home/ITRANSITION.CORP/p.eroshevich/test_task/var/cache/dev/appDevDebugProjectContainer.php:1208)"} []
[2017-11-08 17:31:15] console.ERROR: Error thrown while running command "app:import_csv stock". Message: "SplFileObject::__construct(stock): failed to open stream: No such file or directory" {"error":"[object] (RuntimeException(code: 0): SplFileObject::__construct(stock): failed to open stream: No such file or directory at /home/ITRANSITION.CORP/p.eroshevich/test_task/src/AppBundle/Command/ImportDataCommand.php:37)","command":"app:import_csv stock","message":"SplFileObject::__construct(stock): failed to open stream: No such file or directory"} []
[2017-11-08 17:31:15] console.DEBUG: Command "app:import_csv stock" exited with code "1" {"command":"app:import_csv stock","code":1} []
[2017-11-08 17:38:46] console.ERROR: Error thrown while running command "app:import_csv stock". Message: "SplFileObject::__construct(stock): failed to open stream: No such file or directory" {"error":"[object] (RuntimeException(code: 0): SplFileObject::__construct(stock): failed to open stream: No such file or directory at /home/ITRANSITION.CORP/p.eroshevich/test_task/src/AppBundle/Command/ImportDataCommand.php:37)","command":"app:import_csv stock","message":"SplFileObject::__construct(stock): failed to open stream: No such file or directory"} []
[2017-11-08 17:38:46] console.DEBUG: Command "app:import_csv stock" exited with code "1" {"command":"app:import_csv stock","code":1} []
[2017-11-09 10:30:50] console.ERROR: Error thrown while running command "app:import_csv stock". Message: "SplFileObject::__construct(stock): failed to open stream: No such file or directory" {"error":"[object] (RuntimeException(code: 0): SplFileObject::__construct(stock): failed to open stream: No such file or directory at /home/ITRANSITION.CORP/p.eroshevich/test_task/src/AppBundle/Command/ImportDataCommand.php:37)","command":"app:import_csv stock","message":"SplFileObject::__construct(stock): failed to open stream: No such file or directory"} []
[2017-11-09 10:30:50] console.DEBUG: Command "app:import_csv stock" exited with code "1" {"command":"app:import_csv stock","code":1} []
[2017-11-09 10:34:33] console.ERROR: Error thrown while running command "app:import_csv stock". Message: "SplFileObject::__construct(stock): failed to open stream: No such file or directory" {"error":"[object] (RuntimeException(code: 0): SplFileObject::__construct(stock): failed to open stream: No such file or directory at /home/ITRANSITION.CORP/p.eroshevich/test_task/src/AppBundle/Command/ImportDataCommand.php:37)","command":"app:import_csv stock","message":"SplFileObject::__construct(stock): failed to open stream: No such file or directory"} []
[2017-11-09 10:34:33] console.DEBUG: Command "app:import_csv stock" exited with code "1" {"command":"app:import_csv stock","code":1} []
[2017-11-09 10:35:21] console.ERROR: Error thrown while running command "app:import_csv 'stock.csv'". Message: "Too few arguments to function Port\Steps\Step\MappingStep::process(), 0 passed in /home/ITRANSITION.CORP/p.eroshevich/test_task/src/AppBundle/Service/MappingService.php on line 27 and exactly 2 expected" {"error":"[object] (ArgumentCountError(code: 0): Too few arguments to function Port\\Steps\\Step\\MappingStep::process(), 0 passed in /home/ITRANSITION.CORP/p.eroshevich/test_task/src/AppBundle/Service/MappingService.php on line 27 and exactly 2 expected at /home/ITRANSITION.CORP/p.eroshevich/test_task/vendor/portphp/steps/src/Step/MappingStep.php:55)","command":"app:import_csv 'stock.csv'","message":"Too few arguments to function Port\\Steps\\Step\\MappingStep::process(), 0 passed in /home/ITRANSITION.CORP/p.eroshevich/test_task/src/AppBundle/Service/MappingService.php on line 27 and exactly 2 expected"} []
[2017-11-09 10:35:21] console.DEBUG: Command "app:import_csv 'stock.csv'" exited with code "1" {"command":"app:import_csv 'stock.csv'","code":1} []
[2017-11-09 10:35:21] php.CRITICAL: Type error: Too few arguments to function Port\Steps\Step\MappingStep::process(), 0 passed in /home/ITRANSITION.CORP/p.eroshevich/test_task/src/AppBundle/Service/MappingService.php on line 27 and exactly 2 expected {"exception":"[object] (Symfony\\Component\\Debug\\Exception\\FatalThrowableError(code: 0): Type error: Too few arguments to function Port\\Steps\\Step\\MappingStep::process(), 0 passed in /home/ITRANSITION.CORP/p.eroshevich/test_task/src/AppBundle/Service/MappingService.php on line 27 and exactly 2 expected at /home/ITRANSITION.CORP/p.eroshevich/test_task/vendor/portphp/steps/src/Step/MappingStep.php:55)"} []
[2017-11-09 10:35:33] console.ERROR: Error thrown while running command "app:import_csv stock". Message: "SplFileObject::__construct(stock): failed to open stream: No such file or directory" {"error":"[object] (RuntimeException(code: 0): SplFileObject::__construct(stock): failed to open stream: No such file or directory at /home/ITRANSITION.CORP/p.eroshevich/test_task/src/AppBundle/Command/ImportDataCommand.php:37)","command":"app:import_csv stock","message":"SplFileObject::__construct(stock): failed to open stream: No such file or directory"} []
[2017-11-09 10:35:33] console.DEBUG: Command "app:import_csv stock" exited with code "1" {"command":"app:import_csv stock","code":1} []
[2017-11-09 10:37:23] console.ERROR: Error thrown while running command "app:import_csv stock". Message: "SplFileObject::__construct(stock): failed to open stream: No such file or directory" {"error":"[object] (RuntimeException(code: 0): SplFileObject::__construct(stock): failed to open stream: No such file or directory at /home/ITRANSITION.CORP/p.eroshevich/test_task/src/AppBundle/Command/ImportDataCommand.php:37)","command":"app:import_csv stock","message":"SplFileObject::__construct(stock): failed to open stream: No such file or directory"} []
[2017-11-09 10:37:23] console.DEBUG: Command "app:import_csv stock" exited with code "1" {"command":"app:import_csv stock","code":1} []
[2017-11-09 10:57:23] console.ERROR: Error thrown while running command "app:import_csv -stock". Message: "The "-s" option does not exist." {"error":"[object] (Symfony\\Component\\Console\\Exception\\RuntimeException(code: 0): The \"-s\" option does not exist. at /home/ITRANSITION.CORP/p.eroshevich/test_task/vendor/symfony/symfony/src/Symfony/Component/Console/Input/ArgvInput.php:124)","command":"app:import_csv -stock","message":"The \"-s\" option does not exist."} []
[2017-11-09 10:57:23] console.DEBUG: Command "app:import_csv -stock" exited with code "1" {"command":"app:import_csv -stock","code":1} []
[2017-11-09 10:57:35] console.ERROR: Error thrown while running command "app:import_csv -u". Message: "The "-u" option does not exist." {"error":"[object] (Symfony\\Component\\Console\\Exception\\RuntimeException(code: 0): The \"-u\" option does not exist. at /home/ITRANSITION.CORP/p.eroshevich/test_task/vendor/symfony/symfony/src/Symfony/Component/Console/Input/ArgvInput.php:205)","command":"app:import_csv -u","message":"The \"-u\" option does not exist."} []
[2017-11-09 10:57:35] console.DEBUG: Command "app:import_csv -u" exited with code "1" {"command":"app:import_csv -u","code":1} []
[2017-11-09 11:01:23] console.ERROR: Error thrown while running command "app:import_csv stock". Message: "SplFileObject::__construct(stock): failed to open stream: No such file or directory" {"error":"[object] (RuntimeException(code: 0): SplFileObject::__construct(stock): failed to open stream: No such file or directory at /home/ITRANSITION.CORP/p.eroshevich/test_task/src/AppBundle/Command/ImportDataCommand.php:38)","command":"app:import_csv stock","message":"SplFileObject::__construct(stock): failed to open stream: No such file or directory"} []
[2017-11-09 11:01:23] console.DEBUG: Command "app:import_csv stock" exited with code "1" {"command":"app:import_csv stock","code":1} []
[2017-11-09 11:03:29] console.ERROR: Error thrown while running command "app:import_csv stock". Message: "SplFileObject::__construct(stock): failed to open stream: No such file or directory" {"error":"[object] (RuntimeException(code: 0): SplFileObject::__construct(stock): failed to open stream: No such file or directory at /home/ITRANSITION.CORP/p.eroshevich/test_task/src/AppBundle/Command/ImportDataCommand.php:38)","command":"app:import_csv stock","message":"SplFileObject::__construct(stock): failed to open stream: No such file or directory"} []
[2017-11-09 11:03:29] console.DEBUG: Command "app:import_csv stock" exited with code "1" {"command":"app:import_csv stock","code":1} []
[2017-11-09 11:08:28] console.ERROR: Error thrown while running command "app:import_csv stock". Message: "SplFileObject::__construct(stock): failed to open stream: No such file or directory" {"error":"[object] (RuntimeException(code: 0): SplFileObject::__construct(stock): failed to open stream: No such file or directory at /home/ITRANSITION.CORP/p.eroshevich/test_task/src/AppBundle/Command/ImportDataCommand.php:38)","command":"app:import_csv stock","message":"SplFileObject::__construct(stock): failed to open stream: No such file or directory"} []
[2017-11-09 11:08:28] console.DEBUG: Command "app:import_csv stock" exited with code "1" {"command":"app:import_csv stock","code":1} []
[2017-11-09 11:11:47] console.ERROR: Error thrown while running command "app:import_csv stock". Message: "SplFileObject::__construct(stock): failed to open stream: No such file or directory" {"error":"[object] (RuntimeException(code: 0): SplFileObject::__construct(stock): failed to open stream: No such file or directory at /home/ITRANSITION.CORP/p.eroshevich/test_task/src/AppBundle/Command/ImportDataCommand.php:38)","command":"app:import_csv stock","message":"SplFileObject::__construct(stock): failed to open stream: No such file or directory"} []
[2017-11-09 11:11:47] console.DEBUG: Command "app:import_csv stock" exited with code "1" {"command":"app:import_csv stock","code":1} []
[2017-11-09 11:52:34] console.ERROR: Error thrown while running command "app:import_csv stock". Message: "SplFileObject::__construct(stock): failed to open stream: No such file or directory" {"error":"[object] (RuntimeException(code: 0): SplFileObject::__construct(stock): failed to open stream: No such file or directory at /home/ITRANSITION.CORP/p.eroshevich/test_task/src/AppBundle/Command/ImportDataCommand.php:38)","command":"app:import_csv stock","message":"SplFileObject::__construct(stock): failed to open stream: No such file or directory"} []
[2017-11-09 11:52:34] console.DEBUG: Command "app:import_csv stock" exited with code "1" {"command":"app:import_csv stock","code":1} []
[2017-11-09 11:57:58] console.ERROR: Error thrown while running command "app:import_csv stock". Message: "SplFileObject::__construct(stock): failed to open stream: No such file or directory" {"error":"[object] (RuntimeException(code: 0): SplFileObject::__construct(stock): failed to open stream: No such file or directory at /home/ITRANSITION.CORP/p.eroshevich/test_task/src/AppBundle/Command/ImportDataCommand.php:38)","command":"app:import_csv stock","message":"SplFileObject::__construct(stock): failed to open stream: No such file or directory"} []
[2017-11-09 11:57:58] console.DEBUG: Command "app:import_csv stock" exited with code "1" {"command":"app:import_csv stock","code":1} []
[2017-11-09 12:00:45] console.ERROR: Error thrown while running command "app:import_csv stock". Message: "SplFileObject::__construct(stock): failed to open stream: No such file or directory" {"error":"[object] (RuntimeException(code: 0): SplFileObject::__construct(stock): failed to open stream: No such file or directory at /home/ITRANSITION.CORP/p.eroshevich/test_task/src/AppBundle/Command/ImportDataCommand.php:46)","command":"app:import_csv stock","message":"SplFileObject::__construct(stock): failed to open stream: No such file or directory"} []
[2017-11-09 12:00:45] console.DEBUG: Command "app:import_csv stock" exited with code "1" {"command":"app:import_csv stock","code":1} []
[2017-11-09 12:03:21] console.ERROR: Error thrown while running command "app:import_csv stock". Message: "Too few arguments to function AppBundle\Service\WorkflowOrganizer::__construct(), 5 passed in /home/ITRANSITION.CORP/p.eroshevich/test_task/var/cache/dev/appDevDebugProjectContainer.php on line 3108 and exactly 6 expected" {"error":"[object] (ArgumentCountError(code: 0): Too few arguments to function AppBundle\\Service\\WorkflowOrganizer::__construct(), 5 passed in /home/ITRANSITION.CORP/p.eroshevich/test_task/var/cache/dev/appDevDebugProjectContainer.php on line 3108 and exactly 6 expected at /home/ITRANSITION.CORP/p.eroshevich/test_task/src/AppBundle/Service/WorkflowOrganizer.php:57)","command":"app:import_csv stock","message":"Too few arguments to function AppBundle\\Service\\WorkflowOrganizer::__construct(), 5 passed in /home/ITRANSITION.CORP/p.eroshevich/test_task/var/cache/dev/appDevDebugProjectContainer.php on line 3108 and exactly 6 expected"} []
[2017-11-09 12:03:21] console.DEBUG: Command "app:import_csv stock" exited with code "1" {"command":"app:import_csv stock","code":1} []
[2017-11-09 12:03:21] php.CRITICAL: Type error: Too few arguments to function AppBundle\Service\WorkflowOrganizer::__construct(), 5 passed in /home/ITRANSITION.CORP/p.eroshevich/test_task/var/cache/dev/appDevDebugProjectContainer.php on line 3108 and exactly 6 expected {"exception":"[object] (Symfony\\Component\\Debug\\Exception\\FatalThrowableError(code: 0): Type error: Too few arguments to function AppBundle\\Service\\WorkflowOrganizer::__construct(), 5 passed in /home/ITRANSITION.CORP/p.eroshevich/test_task/var/cache/dev/appDevDebugProjectContainer.php on line 3108 and exactly 6 expected at /home/ITRANSITION.CORP/p.eroshevich/test_task/src/AppBundle/Service/WorkflowOrganizer.php:57)"} []
[2017-11-09 12:17:45] console.ERROR: Error thrown while running command "app:import_csv stock". Message: "SplFileObject::__construct(stock): failed to open stream: No such file or directory" {"error":"[object] (RuntimeException(code: 0): SplFileObject::__construct(stock): failed to open stream: No such file or directory at /home/ITRANSITION.CORP/p.eroshevich/test_task/src/AppBundle/Command/ImportDataCommand.php:46)","command":"app:import_csv stock","message":"SplFileObject::__construct(stock): failed to open stream: No such file or directory"} []
[2017-11-09 12:17:45] console.DEBUG: Command "app:import_csv stock" exited with code "1" {"command":"app:import_csv stock","code":1} []
[2017-11-09 12:31:34] console.ERROR: Error thrown while running command "app:import_csv stock". Message: "SplFileObject::__construct(stock): failed to open stream: No such file or directory" {"error":"[object] (RuntimeException(code: 0): SplFileObject::__construct(stock): failed to open stream: No such file or directory at /home/ITRANSITION.CORP/p.eroshevich/test_task/src/AppBundle/Command/ImportDataCommand.php:46)","command":"app:import_csv stock","message":"SplFileObject::__construct(stock): failed to open stream: No such file or directory"} []
[2017-11-09 12:31:34] console.DEBUG: Command "app:import_csv stock" exited with code "1" {"command":"app:import_csv stock","code":1} []
[2017-11-09 12:40:20] console.ERROR: Error thrown while running command "app:import_csv stock". Message: "SplFileObject::__construct(stock): failed to open stream: No such file or directory" {"error":"[object] (RuntimeException(code: 0): SplFileObject::__construct(stock): failed to open stream: No such file or directory at /home/ITRANSITION.CORP/p.eroshevich/test_task/src/AppBundle/Command/ImportDataCommand.php:39)","command":"app:import_csv stock","message":"SplFileObject::__construct(stock): failed to open stream: No such file or directory"} []
[2017-11-09 12:40:20] console.DEBUG: Command "app:import_csv stock" exited with code "1" {"command":"app:import_csv stock","code":1} []
[2017-11-09 12:43:51] console.ERROR: Error thrown while running command "app:import_csv 'stock.csv'". Message: "The "test" option does not exist." {"error":"[object] (Symfony\\Component\\Console\\Exception\\InvalidArgumentException(code: 0): The \"test\" option does not exist. at /home/ITRANSITION.CORP/p.eroshevich/test_task/vendor/symfony/symfony/src/Symfony/Component/Console/Input/Input.php:156)","command":"app:import_csv 'stock.csv'","message":"The \"test\" option does not exist."} []
[2017-11-09 12:43:51] console.DEBUG: Command "app:import_csv 'stock.csv'" exited with code "1" {"command":"app:import_csv 'stock.csv'","code":1} []
[2017-11-09 12:45:29] console.ERROR: Error thrown while running command "app:import_csv 'stock.csv'". Message: "Notice: Undefined variable: workflow" {"error":"[object] (Symfony\\Component\\Debug\\Exception\\ContextErrorException(code: 0): Notice: Undefined variable: workflow at /home/ITRANSITION.CORP/p.eroshevich/test_task/src/AppBundle/Service/MappingService.php:27)","command":"app:import_csv 'stock.csv'","message":"Notice: Undefined variable: workflow"} []
[2017-11-09 12:45:29] console.DEBUG: Command "app:import_csv 'stock.csv'" exited with code "1" {"command":"app:import_csv 'stock.csv'","code":1} []
[2017-11-09 12:49:00] console.ERROR: Error thrown while running command "app:import_csv 'stock.csv'". Message: "Notice: Undefined variable: workflow" {"error":"[object] (Symfony\\Component\\Debug\\Exception\\ContextErrorException(code: 0): Notice: Undefined variable: workflow at /home/ITRANSITION.CORP/p.eroshevich/test_task/src/AppBundle/Service/MappingService.php:27)","command":"app:import_csv 'stock.csv'","message":"Notice: Undefined variable: workflow"} []
[2017-11-09 12:49:00] console.DEBUG: Command "app:import_csv 'stock.csv'" exited with code "1" {"command":"app:import_csv 'stock.csv'","code":1} []
[2017-11-09 12:51:19] console.ERROR: Error thrown while running command "app:import_csv 'stock.csv'". Message: "Class 'AppBundle\Repository\ProductRepository' not found" {"error":"[object] (Error(code: 0): Class 'AppBundle\\Repository\\ProductRepository' not found at /home/ITRANSITION.CORP/p.eroshevich/test_task/vendor/doctrine/orm/lib/Doctrine/ORM/Repository/DefaultRepositoryFactory.php:68)","command":"app:import_csv 'stock.csv'","message":"Class 'AppBundle\\Repository\\ProductRepository' not found"} []
[2017-11-09 12:51:19] console.DEBUG: Command "app:import_csv 'stock.csv'" exited with code "1" {"command":"app:import_csv 'stock.csv'","code":1} []
[2017-11-09 12:51:19] php.CRITICAL: Class 'AppBundle\Repository\ProductRepository' not found {"exception":"[object] (Symfony\\Component\\Debug\\Exception\\FatalThrowableError(code: 0): Class 'AppBundle\\Repository\\ProductRepository' not found at /home/ITRANSITION.CORP/p.eroshevich/test_task/vendor/doctrine/orm/lib/Doctrine/ORM/Repository/DefaultRepositoryFactory.php:68)"} []
[2017-11-09 12:52:53] console.ERROR: Error thrown while running command "app:import_csv 'stock.csv'". Message: "Notice: Undefined index: Stock" {"error":"[object] (Symfony\\Component\\Debug\\Exception\\ContextErrorException(code: 0): Notice: Undefined index: Stock at /home/ITRANSITION.CORP/p.eroshevich/test_task/src/AppBundle/Service/ImportRuleService.php:66)","command":"app:import_csv 'stock.csv'","message":"Notice: Undefined index: Stock"} []
[2017-11-09 12:52:53] console.DEBUG: Command "app:import_csv 'stock.csv'" exited with code "1" {"command":"app:import_csv 'stock.csv'","code":1} []
[2017-11-09 12:54:55] console.ERROR: Error thrown while running command "app:import_csv 'stock.csv'". Message: "Notice: Undefined index: Stock" {"error":"[object] (Symfony\\Component\\Debug\\Exception\\ContextErrorException(code: 0): Notice: Undefined index: Stock at /home/ITRANSITION.CORP/p.eroshevich/test_task/src/AppBundle/Service/ImportRuleService.php:66)","command":"app:import_csv 'stock.csv'","message":"Notice: Undefined index: Stock"} []
[2017-11-09 12:54:55] console.DEBUG: Command "app:import_csv 'stock.csv'" exited with code "1" {"command":"app:import_csv 'stock.csv'","code":1} []
[2017-11-09 12:55:07] console.ERROR: Error thrown while running command "app:import_csv 'stock.csv'". Message: "Notice: Undefined index: Stock" {"error":"[object] (Symfony\\Component\\Debug\\Exception\\ContextErrorException(code: 0): Notice: Undefined index: Stock at /home/ITRANSITION.CORP/p.eroshevich/test_task/src/AppBundle/Service/ImportRuleService.php:66)","command":"app:import_csv 'stock.csv'","message":"Notice: Undefined index: Stock"} []
[2017-11-09 12:55:07] console.DEBUG: Command "app:import_csv 'stock.csv'" exited with code "1" {"command":"app:import_csv 'stock.csv'","code":1} []
[2017-11-09 12:57:13] console.ERROR: Error thrown while running command "app:import_csv 'stock.csv'". Message: "Notice: Undefined index: Stock" {"error":"[object] (Symfony\\Component\\Debug\\Exception\\ContextErrorException(code: 0): Notice: Undefined index: Stock at /home/ITRANSITION.CORP/p.eroshevich/test_task/src/AppBundle/Service/ImportRuleService.php:66)","command":"app:import_csv 'stock.csv'","message":"Notice: Undefined index: Stock"} []
[2017-11-09 12:57:13] console.DEBUG: Command "app:import_csv 'stock.csv'" exited with code "1" {"command":"app:import_csv 'stock.csv'","code":1} []
[2017-11-09 13:05:36] console.ERROR: Error thrown while running command "app:import_csv 'stock.csv'". Message: "Notice: Undefined index: Cost" {"error":"[object] (Symfony\\Component\\Debug\\Exception\\ContextErrorException(code: 0): Notice: Undefined index: Cost at /home/ITRANSITION.CORP/p.eroshevich/test_task/src/AppBundle/Service/ImportRuleService.php:65)","command":"app:import_csv 'stock.csv'","message":"Notice: Undefined index: Cost"} []
[2017-11-09 13:05:36] console.DEBUG: Command "app:import_csv 'stock.csv'" exited with code "1" {"command":"app:import_csv 'stock.csv'","code":1} []
[2017-11-09 13:05:47] console.ERROR: Error thrown while running command "app:import_csv 'stock.csv'". Message: "Notice: Undefined index: Cost" {"error":"[object] (Symfony\\Component\\Debug\\Exception\\ContextErrorException(code: 0): Notice: Undefined index: Cost at /home/ITRANSITION.CORP/p.eroshevich/test_task/src/AppBundle/Service/ImportRuleService.php:65)","command":"app:import_csv 'stock.csv'","message":"Notice: Undefined index: Cost"} []
[2017-11-09 13:05:47] console.DEBUG: Command "app:import_csv 'stock.csv'" exited with code "1" {"command":"app:import_csv 'stock.csv'","code":1} []
[2017-11-09 13:06:45] console.ERROR: Error thrown while running command "app:import_csv 'stock.csv'". Message: "Notice: Undefined index: Stock" {"error":"[object] (Symfony\\Component\\Debug\\Exception\\ContextErrorException(code: 0): Notice: Undefined index: Stock at /home/ITRANSITION.CORP/p.eroshevich/test_task/src/AppBundle/Service/ImportRuleService.php:66)","command":"app:import_csv 'stock.csv'","message":"Notice: Undefined index: Stock"} []
[2017-11-09 13:06:45] console.DEBUG: Command "app:import_csv 'stock.csv'" exited with code "1" {"command":"app:import_csv 'stock.csv'","code":1} []
[2017-11-09 13:06:54] console.ERROR: Error thrown while running command "app:import_csv 'stock.csv'". Message: "Notice: Undefined index: Stock" {"error":"[object] (Symfony\\Component\\Debug\\Exception\\ContextErrorException(code: 0): Notice: Undefined index: Stock at /home/ITRANSITION.CORP/p.eroshevich/test_task/src/AppBundle/Service/ImportRuleService.php:66)","command":"app:import_csv 'stock.csv'","message":"Notice: Undefined index: Stock"} []
[2017-11-09 13:06:54] console.DEBUG: Command "app:import_csv 'stock.csv'" exited with code "1" {"command":"app:import_csv 'stock.csv'","code":1} []
[2017-11-09 13:07:04] console.ERROR: Error thrown while running command "app:import_csv 'stock.csv'". Message: "Notice: Undefined index: productCode" {"error":"[object] (Symfony\\Component\\Debug\\Exception\\ContextErrorException(code: 0): Notice: Undefined index: productCode at /home/ITRANSITION.CORP/p.eroshevich/test_task/src/AppBundle/Command/ImportDataCommand.php:54)","command":"app:import_csv 'stock.csv'","message":"Notice: Undefined index: productCode"} []
[2017-11-09 13:07:04] console.DEBUG: Command "app:import_csv 'stock.csv'" exited with code "1" {"command":"app:import_csv 'stock.csv'","code":1} []
[2017-11-09 13:07:28] console.ERROR: Error thrown while running command "app:import_csv 'stock.csv'". Message: "Notice: Undefined index: Cost" {"error":"[object] (Symfony\\Component\\Debug\\Exception\\ContextErrorException(code: 0): Notice: Undefined index: Cost at /home/ITRANSITION.CORP/p.eroshevich/test_task/src/AppBundle/Service/ImportRuleService.php:65)","command":"app:import_csv 'stock.csv'","message":"Notice: Undefined index: Cost"} []
[2017-11-09 13:07:28] console.DEBUG: Command "app:import_csv 'stock.csv'" exited with code "1" {"command":"app:import_csv 'stock.csv'","code":1} []
[2017-11-09 13:09:24] console.ERROR: Error thrown while running command "app:import_csv 'stock.csv'". Message: "Notice: Undefined index: Cost" {"error":"[object] (Symfony\\Component\\Debug\\Exception\\ContextErrorException(code: 0): Notice: Undefined index: Cost at /home/ITRANSITION.CORP/p.eroshevich/test_task/src/AppBundle/Service/ImportRuleService.php:65)","command":"app:import_csv 'stock.csv'","message":"Notice: Undefined index: Cost"} []
[2017-11-09 13:09:24] console.DEBUG: Command "app:import_csv 'stock.csv'" exited with code "1" {"command":"app:import_csv 'stock.csv'","code":1} []
[2017-11-09 13:09:45] console.ERROR: Error thrown while running command "app:import_csv 'stock.csv'". Message: "Notice: Undefined index: Cost" {"error":"[object] (Symfony\\Component\\Debug\\Exception\\ContextErrorException(code: 0): Notice: Undefined index: Cost at /home/ITRANSITION.CORP/p.eroshevich/test_task/src/AppBundle/Service/ImportRuleService.php:65)","command":"app:import_csv 'stock.csv'","message":"Notice: Undefined index: Cost"} []
[2017-11-09 13:09:45] console.DEBUG: Command "app:import_csv 'stock.csv'" exited with code "1" {"command":"app:import_csv 'stock.csv'","code":1} []
[2017-11-09 13:11:13] console.ERROR: Error thrown while running command "app:import_csv 'stock.csv'". Message: "Notice: Undefined index: DateTimeDiscontinued" {"error":"[object] (Symfony\\Component\\Debug\\Exception\\ContextErrorException(code: 0): Notice: Undefined index: DateTimeDiscontinued at /home/ITRANSITION.CORP/p.eroshevich/test_task/src/AppBundle/Service/ValueConverterService.php:36)","command":"app:import_csv 'stock.csv'","message":"Notice: Undefined index: DateTimeDiscontinued"} []
[2017-11-09 13:11:13] console.DEBUG: Command "app:import_csv 'stock.csv'" exited with code "1" {"command":"app:import_csv 'stock.csv'","code":1} []
[2017-11-09 13:13:15] console.ERROR: Error thrown while running command "app:import_csv 'stock.csv'". Message: "Notice: Undefined index: DateTimeDiscontinued" {"error":"[object] (Symfony\\Component\\Debug\\Exception\\ContextErrorException(code: 0): Notice: Undefined index: DateTimeDiscontinued at /home/ITRANSITION.CORP/p.eroshevich/test_task/src/AppBundle/Service/ValueConverterService.php:36)","command":"app:import_csv 'stock.csv'","message":"Notice: Undefined index: DateTimeDiscontinued"} []
[2017-11-09 13:13:15] console.DEBUG: Command "app:import_csv 'stock.csv'" exited with code "1" {"command":"app:import_csv 'stock.csv'","code":1} []
[2017-11-09 13:21:30] console.ERROR: Error thrown while running command "app:import_csv 'stock.csv'". Message: "Notice: Undefined index: DateTimeDiscontinued" {"error":"[object] (Symfony\\Component\\Debug\\Exception\\ContextErrorException(code: 0): Notice: Undefined index: DateTimeDiscontinued at /home/ITRANSITION.CORP/p.eroshevich/test_task/src/AppBundle/Service/ValueConverterService.php:36)","command":"app:import_csv 'stock.csv'","message":"Notice: Undefined index: DateTimeDiscontinued"} []
[2017-11-09 13:21:30] console.DEBUG: Command "app:import_csv 'stock.csv'" exited with code "1" {"command":"app:import_csv 'stock.csv'","code":1} []
[2017-11-09 13:33:07] console.ERROR: Error thrown while running command "app:import_csv 'stock.csv'". Message: "Catchable Fatal Error: Object of class Port\Result could not be converted to string" {"error":"[object] (Symfony\\Component\\Debug\\Exception\\ContextErrorException(code: 0): Catchable Fatal Error: Object of class Port\\Result could not be converted to string at /home/ITRANSITION.CORP/p.eroshevich/test_task/src/AppBundle/Command/ImportDataCommand.php:50)","command":"app:import_csv 'stock.csv'","message":"Catchable Fatal Error: Object of class Port\\Result could not be converted to string"} []
[2017-11-09 13:33:08] console.DEBUG: Command "app:import_csv 'stock.csv'" exited with code "1" {"command":"app:import_csv 'stock.csv'","code":1} []
[2017-11-09 14:47:15] console.ERROR: Error thrown while running command "app:import_csv 'stock.csv'". Message: "Call to undefined function AppBundle\Command\getTotalProcessedCount()" {"error":"[object] (Error(code: 0): Call to undefined function AppBundle\\Command\\getTotalProcessedCount() at /home/ITRANSITION.CORP/p.eroshevich/test_task/src/AppBundle/Command/ImportDataCommand.php:50)","command":"app:import_csv 'stock.csv'","message":"Call to undefined function AppBundle\\Command\\getTotalProcessedCount()"} []
[2017-11-09 14:47:15] console.DEBUG: Command "app:import_csv 'stock.csv'" exited with code "1" {"command":"app:import_csv 'stock.csv'","code":1} []
[2017-11-09 14:47:15] php.CRITICAL: Call to undefined function AppBundle\Command\getTotalProcessedCount() {"exception":"[object] (Symfony\\Component\\Debug\\Exception\\FatalThrowableError(code: 0): Call to undefined function AppBundle\\Command\\getTotalProcessedCount() at /home/ITRANSITION.CORP/p.eroshevich/test_task/src/AppBundle/Command/ImportDataCommand.php:50)"} []
[2017-11-09 14:47:36] console.ERROR: Error thrown while running command "app:import_csv 'stock.csv'". Message: "Warning: A non-numeric value encountered" {"error":"[object] (Symfony\\Component\\Debug\\Exception\\ContextErrorException(code: 0): Warning: A non-numeric value encountered at /home/ITRANSITION.CORP/p.eroshevich/test_task/src/AppBundle/Command/ImportDataCommand.php:50)","command":"app:import_csv 'stock.csv'","message":"Warning: A non-numeric value encountered"} []
[2017-11-09 14:47:36] console.DEBUG: Command "app:import_csv 'stock.csv'" exited with code "1" {"command":"app:import_csv 'stock.csv'","code":1} []
[2017-11-09 14:50:46] console.ERROR: Error thrown while running command "app:import_csv 'stock.csv'". Message: "Too few arguments to function AppBundle\Service\WorkflowOrganizer::processCSVFile(), 1 passed in /home/ITRANSITION.CORP/p.eroshevich/test_task/src/AppBundle/Command/ImportDataCommand.php on line 45 and exactly 2 expected" {"error":"[object] (ArgumentCountError(code: 0): Too few arguments to function AppBundle\\Service\\WorkflowOrganizer::processCSVFile(), 1 passed in /home/ITRANSITION.CORP/p.eroshevich/test_task/src/AppBundle/Command/ImportDataCommand.php on line 45 and exactly 2 expected at /home/ITRANSITION.CORP/p.eroshevich/test_task/src/AppBundle/Service/WorkflowOrganizer.php:86)","command":"app:import_csv 'stock.csv'","message":"Too few arguments to function AppBundle\\Service\\WorkflowOrganizer::processCSVFile(), 1 passed in /home/ITRANSITION.CORP/p.eroshevich/test_task/src/AppBundle/Command/ImportDataCommand.php on line 45 and exactly 2 expected"} []
[2017-11-09 14:50:46] console.DEBUG: Command "app:import_csv 'stock.csv'" exited with code "1" {"command":"app:import_csv 'stock.csv'","code":1} []
[2017-11-09 14:50:46] php.CRITICAL: Type error: Too few arguments to function AppBundle\Service\WorkflowOrganizer::processCSVFile(), 1 passed in /home/ITRANSITION.CORP/p.eroshevich/test_task/src/AppBundle/Command/ImportDataCommand.php on line 45 and exactly 2 expected {"exception":"[object] (Symfony\\Component\\Debug\\Exception\\FatalThrowableError(code: 0): Type error: Too few arguments to function AppBundle\\Service\\WorkflowOrganizer::processCSVFile(), 1 passed in /home/ITRANSITION.CORP/p.eroshevich/test_task/src/AppBundle/Command/ImportDataCommand.php on line 45 and exactly 2 expected at /home/ITRANSITION.CORP/p.eroshevich/test_task/src/AppBundle/Service/WorkflowOrganizer.php:86)"} []
[2017-11-09 14:51:42] console.ERROR: Error thrown while running command "app:import_csv 'stock.csv'". Message: "Call to undefined method AppBundle\Service\WorkflowOrganizer::generateDoctrineWriter()" {"error":"[object] (Error(code: 0): Call to undefined method AppBundle\\Service\\WorkflowOrganizer::generateDoctrineWriter() at /home/ITRANSITION.CORP/p.eroshevich/test_task/src/AppBundle/Service/WorkflowOrganizer.php:90)","command":"app:import_csv 'stock.csv'","message":"Call to undefined method AppBundle\\Service\\WorkflowOrganizer::generateDoctrineWriter()"} []
[2017-11-09 14:51:42] console.DEBUG: Command "app:import_csv 'stock.csv'" exited with code "1" {"command":"app:import_csv 'stock.csv'","code":1} []
[2017-11-09 14:51:42] php.CRITICAL: Call to undefined method AppBundle\Service\WorkflowOrganizer::generateDoctrineWriter() {"exception":"[object] (Symfony\\Component\\Debug\\Exception\\FatalThrowableError(code: 0): Call to undefined method AppBundle\\Service\\WorkflowOrganizer::generateDoctrineWriter() at /home/ITRANSITION.CORP/p.eroshevich/test_task/src/AppBundle/Service/WorkflowOrganizer.php:90)"} []
[2017-11-09 14:53:52] console.ERROR: Error thrown while running command "app:import_csv 'stock.csv'". Message: "Could not convert PHP value '' of type 'string' to type 'datetime'. Expected one of the following types: null, DateTime" {"error":"[object] (Doctrine\\DBAL\\Types\\ConversionException(code: 0): Could not convert PHP value '' of type 'string' to type 'datetime'. Expected one of the following types: null, DateTime at /home/ITRANSITION.CORP/p.eroshevich/test_task/vendor/doctrine/dbal/lib/Doctrine/DBAL/Types/ConversionException.php:86)","command":"app:import_csv 'stock.csv'","message":"Could not convert PHP value '' of type 'string' to type 'datetime'. Expected one of the following types: null, DateTime"} []
[2017-11-09 14:53:52] console.DEBUG: Command "app:import_csv 'stock.csv'" exited with code "1" {"command":"app:import_csv 'stock.csv'","code":1} []
[2017-11-09 14:54:14] console.ERROR: Error thrown while running command "app:import_csv 'stock.csv'". Message: "Could not convert PHP value '' of type 'string' to type 'datetime'. Expected one of the following types: null, DateTime" {"error":"[object] (Doctrine\\DBAL\\Types\\ConversionException(code: 0): Could not convert PHP value '' of type 'string' to type 'datetime'. Expected one of the following types: null, DateTime at /home/ITRANSITION.CORP/p.eroshevich/test_task/vendor/doctrine/dbal/lib/Doctrine/DBAL/Types/ConversionException.php:86)","command":"app:import_csv 'stock.csv'","message":"Could not convert PHP value '' of type 'string' to type 'datetime'. Expected one of the following types: null, DateTime"} []
[2017-11-09 14:54:14] console.DEBUG: Command "app:import_csv 'stock.csv'" exited with code "1" {"command":"app:import_csv 'stock.csv'","code":1} []
[2017-11-09 14:57:46] console.ERROR: Error thrown while running command "app:import_csv 'stock.csv'". Message: "Could not convert PHP value '' of type 'string' to type 'datetime'. Expected one of the following types: null, DateTime" {"error":"[object] (Doctrine\\DBAL\\Types\\ConversionException(code: 0): Could not convert PHP value '' of type 'string' to type 'datetime'. Expected one of the following types: null, DateTime at /home/ITRANSITION.CORP/p.eroshevich/test_task/vendor/doctrine/dbal/lib/Doctrine/DBAL/Types/ConversionException.php:86)","command":"app:import_csv 'stock.csv'","message":"Could not convert PHP value '' of type 'string' to type 'datetime'. Expected one of the following types: null, DateTime"} []
[2017-11-09 14:57:46] console.DEBUG: Command "app:import_csv 'stock.csv'" exited with code "1" {"command":"app:import_csv 'stock.csv'","code":1} []
[2017-11-09 15:05:50] console.ERROR: Error thrown while running command "app:import_csv 'stock.csv'". Message: "An exception occurred while executing 'INSERT INTO tblProductData (strProductName, strProductDesc, intProductStock, numProductCost, strProductCode, dtmAdded, dtmDiscontinued) VALUES (?, ?, ?, ?, ?, ?, ?)' with params ["TV", "32\u201d Tv", "10", null, "P0001", null, null]:  SQLSTATE[42S22]: Column not found: 1054 Unknown column 'dtmDiscontinued' in 'field list'" {"error":"[object] (Doctrine\\DBAL\\Exception\\InvalidFieldNameException(code: 0): An exception occurred while executing 'INSERT INTO tblProductData (strProductName, strProductDesc, intProductStock, numProductCost, strProductCode, dtmAdded, dtmDiscontinued) VALUES (?, ?, ?, ?, ?, ?, ?)' with params [\"TV\", \"32\\u201d Tv\", \"10\", null, \"P0001\", null, null]:\n\nSQLSTATE[42S22]: Column not found: 1054 Unknown column 'dtmDiscontinued' in 'field list' at /home/ITRANSITION.CORP/p.eroshevich/test_task/vendor/doctrine/dbal/lib/Doctrine/DBAL/Driver/AbstractMySQLDriver.php:75, Doctrine\\DBAL\\Driver\\PDOException(code: 42S22): SQLSTATE[42S22]: Column not found: 1054 Unknown column 'dtmDiscontinued' in 'field list' at /home/ITRANSITION.CORP/p.eroshevich/test_task/vendor/doctrine/dbal/lib/Doctrine/DBAL/Driver/PDOStatement.php:107, PDOException(code: 42S22): SQLSTATE[42S22]: Column not found: 1054 Unknown column 'dtmDiscontinued' in 'field list' at /home/ITRANSITION.CORP/p.eroshevich/test_task/vendor/doctrine/dbal/lib/Doctrine/DBAL/Driver/PDOStatement.php:105)","command":"app:import_csv 'stock.csv'","message":"An exception occurred while executing 'INSERT INTO tblProductData (strProductName, strProductDesc, intProductStock, numProductCost, strProductCode, dtmAdded, dtmDiscontinued) VALUES (?, ?, ?, ?, ?, ?, ?)' with params [\"TV\", \"32\\u201d Tv\", \"10\", null, \"P0001\", null, null]:\n\nSQLSTATE[42S22]: Column not found: 1054 Unknown column 'dtmDiscontinued' in 'field list'"} []
[2017-11-09 15:05:50] console.DEBUG: Command "app:import_csv 'stock.csv'" exited with code "1" {"command":"app:import_csv 'stock.csv'","code":1} []
[2017-11-09 15:20:58] console.ERROR: Error thrown while running command "app:import_csv 'stock.csv'". Message: "An exception occurred while executing 'INSERT INTO tblProductData (strProductName, strProductDesc, intProductStock, numProductCost, strProductCode, dtmAdded, dtmDiscontinued) VALUES (?, ?, ?, ?, ?, ?, ?)' with params ["TV", "32\u201d Tv", "10", null, "P0001", null, null]:  SQLSTATE[42S22]: Column not found: 1054 Unknown column 'dtmDiscontinued' in 'field list'" {"error":"[object] (Doctrine\\DBAL\\Exception\\InvalidFieldNameException(code: 0): An exception occurred while executing 'INSERT INTO tblProductData (strProductName, strProductDesc, intProductStock, numProductCost, strProductCode, dtmAdded, dtmDiscontinued) VALUES (?, ?, ?, ?, ?, ?, ?)' with params [\"TV\", \"32\\u201d Tv\", \"10\", null, \"P0001\", null, null]:\n\nSQLSTATE[42S22]: Column not found: 1054 Unknown column 'dtmDiscontinued' in 'field list' at /home/ITRANSITION.CORP/p.eroshevich/test_task/vendor/doctrine/dbal/lib/Doctrine/DBAL/Driver/AbstractMySQLDriver.php:75, Doctrine\\DBAL\\Driver\\PDOException(code: 42S22): SQLSTATE[42S22]: Column not found: 1054 Unknown column 'dtmDiscontinued' in 'field list' at /home/ITRANSITION.CORP/p.eroshevich/test_task/vendor/doctrine/dbal/lib/Doctrine/DBAL/Driver/PDOStatement.php:107, PDOException(code: 42S22): SQLSTATE[42S22]: Column not found: 1054 Unknown column 'dtmDiscontinued' in 'field list' at /home/ITRANSITION.CORP/p.eroshevich/test_task/vendor/doctrine/dbal/lib/Doctrine/DBAL/Driver/PDOStatement.php:105)","command":"app:import_csv 'stock.csv'","message":"An exception occurred while executing 'INSERT INTO tblProductData (strProductName, strProductDesc, intProductStock, numProductCost, strProductCode, dtmAdded, dtmDiscontinued) VALUES (?, ?, ?, ?, ?, ?, ?)' with params [\"TV\", \"32\\u201d Tv\", \"10\", null, \"P0001\", null, null]:\n\nSQLSTATE[42S22]: Column not found: 1054 Unknown column 'dtmDiscontinued' in 'field list'"} []
[2017-11-09 15:20:58] console.DEBUG: Command "app:import_csv 'stock.csv'" exited with code "1" {"command":"app:import_csv 'stock.csv'","code":1} []
[2017-11-09 15:40:20] console.ERROR: Error thrown while running command "app:import_csv 'stock.csv'". Message: "An exception occurred while executing 'INSERT INTO tblProductData (strProductName, strProductDesc, intProductStock, numProductCost, strProductCode, dtmAdded, dtmDiscontinued) VALUES (?, ?, ?, ?, ?, ?, ?)' with params ["TV", "32\u201d Tv", "10", null, "P0001", null, null]:  SQLSTATE[42S22]: Column not found: 1054 Unknown column 'dtmDiscontinued' in 'field list'" {"error":"[object] (Doctrine\\DBAL\\Exception\\InvalidFieldNameException(code: 0): An exception occurred while executing 'INSERT INTO tblProductData (strProductName, strProductDesc, intProductStock, numProductCost, strProductCode, dtmAdded, dtmDiscontinued) VALUES (?, ?, ?, ?, ?, ?, ?)' with params [\"TV\", \"32\\u201d Tv\", \"10\", null, \"P0001\", null, null]:\n\nSQLSTATE[42S22]: Column not found: 1054 Unknown column 'dtmDiscontinued' in 'field list' at /home/ITRANSITION.CORP/p.eroshevich/test_task/vendor/doctrine/dbal/lib/Doctrine/DBAL/Driver/AbstractMySQLDriver.php:75, Doctrine\\DBAL\\Driver\\PDOException(code: 42S22): SQLSTATE[42S22]: Column not found: 1054 Unknown column 'dtmDiscontinued' in 'field list' at /home/ITRANSITION.CORP/p.eroshevich/test_task/vendor/doctrine/dbal/lib/Doctrine/DBAL/Driver/PDOStatement.php:107, PDOException(code: 42S22): SQLSTATE[42S22]: Column not found: 1054 Unknown column 'dtmDiscontinued' in 'field list' at /home/ITRANSITION.CORP/p.eroshevich/test_task/vendor/doctrine/dbal/lib/Doctrine/DBAL/Driver/PDOStatement.php:105)","command":"app:import_csv 'stock.csv'","message":"An exception occurred while executing 'INSERT INTO tblProductData (strProductName, strProductDesc, intProductStock, numProductCost, strProductCode, dtmAdded, dtmDiscontinued) VALUES (?, ?, ?, ?, ?, ?, ?)' with params [\"TV\", \"32\\u201d Tv\", \"10\", null, \"P0001\", null, null]:\n\nSQLSTATE[42S22]: Column not found: 1054 Unknown column 'dtmDiscontinued' in 'field list'"} []
[2017-11-09 15:40:20] console.DEBUG: Command "app:import_csv 'stock.csv'" exited with code "1" {"command":"app:import_csv 'stock.csv'","code":1} []
[2017-11-09 15:41:08] console.ERROR: Error thrown while running command "app:import_csv 'stock.csv'". Message: "An exception occurred while executing 'INSERT INTO tblProductData (strProductName, strProductDesc, intProductStock, numProductCost, strProductCode, dtmAdded, dtmDiscontinued) VALUES (?, ?, ?, ?, ?, ?, ?)' with params ["TV", "32\u201d Tv", "10", null, "P0001", null, null]:  SQLSTATE[42S22]: Column not found: 1054 Unknown column 'dtmDiscontinued' in 'field list'" {"error":"[object] (Doctrine\\DBAL\\Exception\\InvalidFieldNameException(code: 0): An exception occurred while executing 'INSERT INTO tblProductData (strProductName, strProductDesc, intProductStock, numProductCost, strProductCode, dtmAdded, dtmDiscontinued) VALUES (?, ?, ?, ?, ?, ?, ?)' with params [\"TV\", \"32\\u201d Tv\", \"10\", null, \"P0001\", null, null]:\n\nSQLSTATE[42S22]: Column not found: 1054 Unknown column 'dtmDiscontinued' in 'field list' at /home/ITRANSITION.CORP/p.eroshevich/test_task/vendor/doctrine/dbal/lib/Doctrine/DBAL/Driver/AbstractMySQLDriver.php:75, Doctrine\\DBAL\\Driver\\PDOException(code: 42S22): SQLSTATE[42S22]: Column not found: 1054 Unknown column 'dtmDiscontinued' in 'field list' at /home/ITRANSITION.CORP/p.eroshevich/test_task/vendor/doctrine/dbal/lib/Doctrine/DBAL/Driver/PDOStatement.php:107, PDOException(code: 42S22): SQLSTATE[42S22]: Column not found: 1054 Unknown column 'dtmDiscontinued' in 'field list' at /home/ITRANSITION.CORP/p.eroshevich/test_task/vendor/doctrine/dbal/lib/Doctrine/DBAL/Driver/PDOStatement.php:105)","command":"app:import_csv 'stock.csv'","message":"An exception occurred while executing 'INSERT INTO tblProductData (strProductName, strProductDesc, intProductStock, numProductCost, strProductCode, dtmAdded, dtmDiscontinued) VALUES (?, ?, ?, ?, ?, ?, ?)' with params [\"TV\", \"32\\u201d Tv\", \"10\", null, \"P0001\", null, null]:\n\nSQLSTATE[42S22]: Column not found: 1054 Unknown column 'dtmDiscontinued' in 'field list'"} []
[2017-11-09 15:41:08] console.DEBUG: Command "app:import_csv 'stock.csv'" exited with code "1" {"command":"app:import_csv 'stock.csv'","code":1} []
[2017-11-09 15:42:42] console.ERROR: Error thrown while running command "app:import_csv 'stock.csv'". Message: "An exception occurred while executing 'INSERT INTO tblProductData (strProductName, strProductDesc, intProductStock, numProductCost, strProductCode, dtmAdded, dtmDiscontinued) VALUES (?, ?, ?, ?, ?, ?, ?)' with params ["TV", "32\u201d Tv", "10", null, "P0001", null, null]:  SQLSTATE[23000]: Integrity constraint violation: 1048 Column 'numProductCost' cannot be null" {"error":"[object] (Doctrine\\DBAL\\Exception\\NotNullConstraintViolationException(code: 0): An exception occurred while executing 'INSERT INTO tblProductData (strProductName, strProductDesc, intProductStock, numProductCost, strProductCode, dtmAdded, dtmDiscontinued) VALUES (?, ?, ?, ?, ?, ?, ?)' with params [\"TV\", \"32\\u201d Tv\", \"10\", null, \"P0001\", null, null]:\n\nSQLSTATE[23000]: Integrity constraint violation: 1048 Column 'numProductCost' cannot be null at /home/ITRANSITION.CORP/p.eroshevich/test_task/vendor/doctrine/dbal/lib/Doctrine/DBAL/Driver/AbstractMySQLDriver.php:118, Doctrine\\DBAL\\Driver\\PDOException(code: 23000): SQLSTATE[23000]: Integrity constraint violation: 1048 Column 'numProductCost' cannot be null at /home/ITRANSITION.CORP/p.eroshevich/test_task/vendor/doctrine/dbal/lib/Doctrine/DBAL/Driver/PDOStatement.php:107, PDOException(code: 23000): SQLSTATE[23000]: Integrity constraint violation: 1048 Column 'numProductCost' cannot be null at /home/ITRANSITION.CORP/p.eroshevich/test_task/vendor/doctrine/dbal/lib/Doctrine/DBAL/Driver/PDOStatement.php:105)","command":"app:import_csv 'stock.csv'","message":"An exception occurred while executing 'INSERT INTO tblProductData (strProductName, strProductDesc, intProductStock, numProductCost, strProductCode, dtmAdded, dtmDiscontinued) VALUES (?, ?, ?, ?, ?, ?, ?)' with params [\"TV\", \"32\\u201d Tv\", \"10\", null, \"P0001\", null, null]:\n\nSQLSTATE[23000]: Integrity constraint violation: 1048 Column 'numProductCost' cannot be null"} []
[2017-11-09 15:42:42] console.DEBUG: Command "app:import_csv 'stock.csv'" exited with code "1" {"command":"app:import_csv 'stock.csv'","code":1} []
[2017-11-09 15:48:49] console.ERROR: Error thrown while running command "app:import_csv 'stock.csv'". Message: "Call to a member function getTotalProcessedCount() on array" {"error":"[object] (Error(code: 0): Call to a member function getTotalProcessedCount() on array at /home/ITRANSITION.CORP/p.eroshevich/test_task/src/AppBundle/Command/ImportDataCommand.php:55)","command":"app:import_csv 'stock.csv'","message":"Call to a member function getTotalProcessedCount() on array"} []
[2017-11-09 15:48:49] console.DEBUG: Command "app:import_csv 'stock.csv'" exited with code "1" {"command":"app:import_csv 'stock.csv'","code":1} []
[2017-11-09 15:48:49] php.CRITICAL: Call to a member function getTotalProcessedCount() on array {"exception":"[object] (Symfony\\Component\\Debug\\Exception\\FatalThrowableError(code: 0): Call to a member function getTotalProcessedCount() on array at /home/ITRANSITION.CORP/p.eroshevich/test_task/src/AppBundle/Command/ImportDataCommand.php:55)"} []
[2017-11-10 17:57:21] doctrine.DEBUG: SHOW FULL TABLES WHERE Table_type = 'BASE TABLE' [] []
[2017-11-10 17:57:21] doctrine.DEBUG: SELECT version FROM migration_versions [] []
[2017-11-10 17:57:21] doctrine.DEBUG: SELECT version FROM migration_versions WHERE version IN ('20171104080154', '20171104080645', '20171109121752') ORDER BY version DESC LIMIT 1 [] []
[2017-11-10 17:57:21] doctrine.DEBUG: SELECT version FROM migration_versions [] []
[2017-11-10 17:57:30] doctrine.DEBUG: "START TRANSACTION" [] []
[2017-11-10 17:57:30] doctrine.DEBUG: DROP INDEX tblProductData_strProductCode_uindex ON tblProductData [] []
[2017-11-10 17:57:30] doctrine.DEBUG: INSERT INTO migration_versions (version) VALUES (?) ["20171104080154"] []
[2017-11-10 17:57:30] doctrine.DEBUG: "COMMIT" [] []
[2017-11-10 17:57:30] doctrine.DEBUG: "START TRANSACTION" [] []
[2017-11-10 17:57:30] doctrine.DEBUG: DROP INDEX tblProductData_strProductCode_uindex ON tblProductData [] []
[2017-11-10 17:57:30] doctrine.DEBUG: "ROLLBACK" [] []
[2017-11-10 17:57:30] console.ERROR: Error thrown while running command "doctrine:migrations:migrate". Message: "An exception occurred while executing 'DROP INDEX tblProductData_strProductCode_uindex ON tblProductData':  SQLSTATE[42000]: Syntax error or access violation: 1091 Can't DROP 'tblProductData_strProductCode_uindex'; check that column/key exists" {"error":"[object] (Doctrine\\DBAL\\Exception\\DriverException(code: 0): An exception occurred while executing 'DROP INDEX tblProductData_strProductCode_uindex ON tblProductData':\n\nSQLSTATE[42000]: Syntax error or access violation: 1091 Can't DROP 'tblProductData_strProductCode_uindex'; check that column/key exists at /home/ITRANSITION.CORP/p.eroshevich/test_task/vendor/doctrine/dbal/lib/Doctrine/DBAL/Driver/AbstractMySQLDriver.php:121, Doctrine\\DBAL\\Driver\\PDOException(code: 42000): SQLSTATE[42000]: Syntax error or access violation: 1091 Can't DROP 'tblProductData_strProductCode_uindex'; check that column/key exists at /home/ITRANSITION.CORP/p.eroshevich/test_task/vendor/doctrine/dbal/lib/Doctrine/DBAL/Driver/PDOConnection.php:106, PDOException(code: 42000): SQLSTATE[42000]: Syntax error or access violation: 1091 Can't DROP 'tblProductData_strProductCode_uindex'; check that column/key exists at /home/ITRANSITION.CORP/p.eroshevich/test_task/vendor/doctrine/dbal/lib/Doctrine/DBAL/Driver/PDOConnection.php:104)","command":"doctrine:migrations:migrate","message":"An exception occurred while executing 'DROP INDEX tblProductData_strProductCode_uindex ON tblProductData':\n\nSQLSTATE[42000]: Syntax error or access violation: 1091 Can't DROP 'tblProductData_strProductCode_uindex'; check that column/key exists"} []
[2017-11-10 17:57:30] console.DEBUG: Command "doctrine:migrations:migrate" exited with code "1" {"command":"doctrine:migrations:migrate","code":1} []
[2017-11-10 18:05:28] doctrine.DEBUG: SHOW FULL TABLES WHERE Table_type = 'BASE TABLE' [] []
[2017-11-10 18:05:28] doctrine.DEBUG: SELECT version FROM migration_versions [] []
[2017-11-10 18:05:28] doctrine.DEBUG: SELECT version FROM migration_versions WHERE version IN ('20171104080154', '20171104080645', '20171109121752') ORDER BY version DESC LIMIT 1 [] []
[2017-11-10 18:05:28] doctrine.DEBUG: SELECT version FROM migration_versions [] []
[2017-11-10 18:05:31] doctrine.DEBUG: "START TRANSACTION" [] []
[2017-11-10 18:05:31] doctrine.DEBUG: DROP INDEX tblProductData_strProductCode_uindex ON tblProductData [] []
[2017-11-10 18:05:31] doctrine.DEBUG: "ROLLBACK" [] []
[2017-11-10 18:05:31] console.ERROR: Error thrown while running command "doctrine:migrations:migrate". Message: "An exception occurred while executing 'DROP INDEX tblProductData_strProductCode_uindex ON tblProductData':  SQLSTATE[42000]: Syntax error or access violation: 1091 Can't DROP 'tblProductData_strProductCode_uindex'; check that column/key exists" {"error":"[object] (Doctrine\\DBAL\\Exception\\DriverException(code: 0): An exception occurred while executing 'DROP INDEX tblProductData_strProductCode_uindex ON tblProductData':\n\nSQLSTATE[42000]: Syntax error or access violation: 1091 Can't DROP 'tblProductData_strProductCode_uindex'; check that column/key exists at /home/ITRANSITION.CORP/p.eroshevich/test_task/vendor/doctrine/dbal/lib/Doctrine/DBAL/Driver/AbstractMySQLDriver.php:121, Doctrine\\DBAL\\Driver\\PDOException(code: 42000): SQLSTATE[42000]: Syntax error or access violation: 1091 Can't DROP 'tblProductData_strProductCode_uindex'; check that column/key exists at /home/ITRANSITION.CORP/p.eroshevich/test_task/vendor/doctrine/dbal/lib/Doctrine/DBAL/Driver/PDOConnection.php:106, PDOException(code: 42000): SQLSTATE[42000]: Syntax error or access violation: 1091 Can't DROP 'tblProductData_strProductCode_uindex'; check that column/key exists at /home/ITRANSITION.CORP/p.eroshevich/test_task/vendor/doctrine/dbal/lib/Doctrine/DBAL/Driver/PDOConnection.php:104)","command":"doctrine:migrations:migrate","message":"An exception occurred while executing 'DROP INDEX tblProductData_strProductCode_uindex ON tblProductData':\n\nSQLSTATE[42000]: Syntax error or access violation: 1091 Can't DROP 'tblProductData_strProductCode_uindex'; check that column/key exists"} []
[2017-11-10 18:05:31] console.DEBUG: Command "doctrine:migrations:migrate" exited with code "1" {"command":"doctrine:migrations:migrate","code":1} []
[2017-11-10 18:07:18] doctrine.DEBUG: SHOW FULL TABLES WHERE Table_type = 'BASE TABLE' [] []
[2017-11-10 18:07:18] doctrine.DEBUG: SELECT version FROM migration_versions [] []
[2017-11-10 18:07:18] doctrine.DEBUG: SELECT version FROM migration_versions WHERE version IN ('20171104080154', '20171104080645', '20171109121752') ORDER BY version DESC LIMIT 1 [] []
[2017-11-10 18:07:18] doctrine.DEBUG: SELECT version FROM migration_versions [] []
[2017-11-10 18:07:20] console.DEBUG: Command "doctrine:migrations:migrate" exited with code "1" {"command":"doctrine:migrations:migrate","code":1} []
[2017-11-10 18:15:01] doctrine.DEBUG: SHOW FULL TABLES WHERE Table_type = 'BASE TABLE' [] []
[2017-11-10 18:15:01] doctrine.DEBUG: SELECT version FROM migration_versions [] []
[2017-11-10 18:15:01] doctrine.DEBUG: SELECT version FROM migration_versions WHERE version IN ('20171104080154', '20171104080645', '20171109121752', '20171110151330') ORDER BY version DESC LIMIT 1 [] []
[2017-11-10 18:15:01] doctrine.DEBUG: SELECT version FROM migration_versions [] []
[2017-11-10 18:15:01] doctrine.DEBUG: "START TRANSACTION" [] []
[2017-11-10 18:15:01] doctrine.DEBUG: DROP INDEX tblProductData_strProductCode_uindex ON tblProductData [] []
[2017-11-10 18:15:01] doctrine.DEBUG: ALTER TABLE tblProductData CHANGE stmTimestamp stmTimestamp INT NOT NULL [] []
[2017-11-10 18:15:01] doctrine.DEBUG: "ROLLBACK" [] []
[2017-11-10 18:15:01] console.ERROR: Error thrown while running command "doctrine:migrations:migrate 20171110151330". Message: "An exception occurred while executing 'ALTER TABLE tblProductData CHANGE stmTimestamp stmTimestamp INT NOT NULL':  SQLSTATE[42S22]: Column not found: 1054 Unknown column 'stmTimestamp' in 'tblProductData'" {"error":"[object] (Doctrine\\DBAL\\Exception\\InvalidFieldNameException(code: 0): An exception occurred while executing 'ALTER TABLE tblProductData CHANGE stmTimestamp stmTimestamp INT NOT NULL':\n\nSQLSTATE[42S22]: Column not found: 1054 Unknown column 'stmTimestamp' in 'tblProductData' at /home/ITRANSITION.CORP/p.eroshevich/test_task/vendor/doctrine/dbal/lib/Doctrine/DBAL/Driver/AbstractMySQLDriver.php:75, Doctrine\\DBAL\\Driver\\PDOException(code: 42S22): SQLSTATE[42S22]: Column not found: 1054 Unknown column 'stmTimestamp' in 'tblProductData' at /home/ITRANSITION.CORP/p.eroshevich/test_task/vendor/doctrine/dbal/lib/Doctrine/DBAL/Driver/PDOConnection.php:106, PDOException(code: 42S22): SQLSTATE[42S22]: Column not found: 1054 Unknown column 'stmTimestamp' in 'tblProductData' at /home/ITRANSITION.CORP/p.eroshevich/test_task/vendor/doctrine/dbal/lib/Doctrine/DBAL/Driver/PDOConnection.php:104)","command":"doctrine:migrations:migrate 20171110151330","message":"An exception occurred while executing 'ALTER TABLE tblProductData CHANGE stmTimestamp stmTimestamp INT NOT NULL':\n\nSQLSTATE[42S22]: Column not found: 1054 Unknown column 'stmTimestamp' in 'tblProductData'"} []
[2017-11-10 18:15:01] console.DEBUG: Command "doctrine:migrations:migrate 20171110151330" exited with code "1" {"command":"doctrine:migrations:migrate 20171110151330","code":1} []
[2017-11-10 18:16:56] doctrine.DEBUG: SHOW FULL TABLES WHERE Table_type = 'BASE TABLE' [] []
[2017-11-10 18:16:56] doctrine.DEBUG: SELECT version FROM migration_versions [] []
[2017-11-10 18:16:56] doctrine.DEBUG: SELECT version FROM migration_versions WHERE version IN ('20171104080154', '20171104080645', '20171109121752', '20171110151330') ORDER BY version DESC LIMIT 1 [] []
[2017-11-10 18:16:56] doctrine.DEBUG: SELECT version FROM migration_versions [] []
[2017-11-10 18:16:56] doctrine.DEBUG: "START TRANSACTION" [] []
[2017-11-10 18:16:57] doctrine.DEBUG: DROP INDEX tblProductData_strProductCode_uindex ON tblProductData [] []
[2017-11-10 18:16:57] doctrine.DEBUG: "ROLLBACK" [] []
[2017-11-10 18:16:57] console.ERROR: Error thrown while running command "doctrine:migrations:migrate 20171110151330". Message: "An exception occurred while executing 'DROP INDEX tblProductData_strProductCode_uindex ON tblProductData':  SQLSTATE[42000]: Syntax error or access violation: 1091 Can't DROP 'tblProductData_strProductCode_uindex'; check that column/key exists" {"error":"[object] (Doctrine\\DBAL\\Exception\\DriverException(code: 0): An exception occurred while executing 'DROP INDEX tblProductData_strProductCode_uindex ON tblProductData':\n\nSQLSTATE[42000]: Syntax error or access violation: 1091 Can't DROP 'tblProductData_strProductCode_uindex'; check that column/key exists at /home/ITRANSITION.CORP/p.eroshevich/test_task/vendor/doctrine/dbal/lib/Doctrine/DBAL/Driver/AbstractMySQLDriver.php:121, Doctrine\\DBAL\\Driver\\PDOException(code: 42000): SQLSTATE[42000]: Syntax error or access violation: 1091 Can't DROP 'tblProductData_strProductCode_uindex'; check that column/key exists at /home/ITRANSITION.CORP/p.eroshevich/test_task/vendor/doctrine/dbal/lib/Doctrine/DBAL/Driver/PDOConnection.php:106, PDOException(code: 42000): SQLSTATE[42000]: Syntax error or access violation: 1091 Can't DROP 'tblProductData_strProductCode_uindex'; check that column/key exists at /home/ITRANSITION.CORP/p.eroshevich/test_task/vendor/doctrine/dbal/lib/Doctrine/DBAL/Driver/PDOConnection.php:104)","command":"doctrine:migrations:migrate 20171110151330","message":"An exception occurred while executing 'DROP INDEX tblProductData_strProductCode_uindex ON tblProductData':\n\nSQLSTATE[42000]: Syntax error or access violation: 1091 Can't DROP 'tblProductData_strProductCode_uindex'; check that column/key exists"} []
[2017-11-10 18:16:57] console.DEBUG: Command "doctrine:migrations:migrate 20171110151330" exited with code "1" {"command":"doctrine:migrations:migrate 20171110151330","code":1} []
[2017-11-10 18:17:24] doctrine.DEBUG: SHOW FULL TABLES WHERE Table_type = 'BASE TABLE' [] []
[2017-11-10 18:17:24] doctrine.DEBUG: SELECT version FROM migration_versions [] []
[2017-11-10 18:17:24] doctrine.DEBUG: SELECT version FROM migration_versions WHERE version IN ('20171104080154', '20171104080645', '20171109121752', '20171110151330', '20171110151712') ORDER BY version DESC LIMIT 1 [] []
[2017-11-10 18:17:24] doctrine.DEBUG: SELECT version FROM migration_versions [] []
[2017-11-10 18:17:24] doctrine.DEBUG: "START TRANSACTION" [] []
[2017-11-10 18:17:24] doctrine.DEBUG: DROP INDEX tblProductData_strProductCode_uindex ON tblProductData [] []
[2017-11-10 18:17:24] doctrine.DEBUG: "ROLLBACK" [] []
[2017-11-10 18:17:24] console.ERROR: Error thrown while running command "doctrine:migrations:migrate 20171110151712". Message: "An exception occurred while executing 'DROP INDEX tblProductData_strProductCode_uindex ON tblProductData':  SQLSTATE[42000]: Syntax error or access violation: 1091 Can't DROP 'tblProductData_strProductCode_uindex'; check that column/key exists" {"error":"[object] (Doctrine\\DBAL\\Exception\\DriverException(code: 0): An exception occurred while executing 'DROP INDEX tblProductData_strProductCode_uindex ON tblProductData':\n\nSQLSTATE[42000]: Syntax error or access violation: 1091 Can't DROP 'tblProductData_strProductCode_uindex'; check that column/key exists at /home/ITRANSITION.CORP/p.eroshevich/test_task/vendor/doctrine/dbal/lib/Doctrine/DBAL/Driver/AbstractMySQLDriver.php:121, Doctrine\\DBAL\\Driver\\PDOException(code: 42000): SQLSTATE[42000]: Syntax error or access violation: 1091 Can't DROP 'tblProductData_strProductCode_uindex'; check that column/key exists at /home/ITRANSITION.CORP/p.eroshevich/test_task/vendor/doctrine/dbal/lib/Doctrine/DBAL/Driver/PDOConnection.php:106, PDOException(code: 42000): SQLSTATE[42000]: Syntax error or access violation: 1091 Can't DROP 'tblProductData_strProductCode_uindex'; check that column/key exists at /home/ITRANSITION.CORP/p.eroshevich/test_task/vendor/doctrine/dbal/lib/Doctrine/DBAL/Driver/PDOConnection.php:104)","command":"doctrine:migrations:migrate 20171110151712","message":"An exception occurred while executing 'DROP INDEX tblProductData_strProductCode_uindex ON tblProductData':\n\nSQLSTATE[42000]: Syntax error or access violation: 1091 Can't DROP 'tblProductData_strProductCode_uindex'; check that column/key exists"} []
[2017-11-10 18:17:24] console.DEBUG: Command "doctrine:migrations:migrate 20171110151712" exited with code "1" {"command":"doctrine:migrations:migrate 20171110151712","code":1} []
[2017-11-10 18:18:12] doctrine.DEBUG: SHOW FULL TABLES WHERE Table_type = 'BASE TABLE' [] []
[2017-11-10 18:18:12] doctrine.DEBUG: SELECT version FROM migration_versions [] []
[2017-11-10 18:18:12] doctrine.DEBUG: SELECT version FROM migration_versions WHERE version IN ('20171104080154', '20171104080645', '20171109121752', '20171110151330', '20171110151712', '20171110151803') ORDER BY version DESC LIMIT 1 [] []
[2017-11-10 18:18:12] doctrine.DEBUG: SELECT version FROM migration_versions [] []
[2017-11-10 18:18:12] doctrine.DEBUG: "START TRANSACTION" [] []
[2017-11-10 18:18:12] doctrine.DEBUG: DROP INDEX tblProductData_strProductCode_uindex ON tblProductData [] []
[2017-11-10 18:18:12] doctrine.DEBUG: ALTER TABLE tblProductData CHANGE stmTimestamp stmTimestamp INT NOT NULL [] []
[2017-11-10 18:18:13] doctrine.DEBUG: "ROLLBACK" [] []
[2017-11-10 18:18:13] console.ERROR: Error thrown while running command "doctrine:migrations:migrate 20171110151803". Message: "An exception occurred while executing 'ALTER TABLE tblProductData CHANGE stmTimestamp stmTimestamp INT NOT NULL':  SQLSTATE[22003]: Numeric value out of range: 1264 Out of range value for column 'stmTimestamp' at row 1" {"error":"[object] (Doctrine\\DBAL\\Exception\\DriverException(code: 0): An exception occurred while executing 'ALTER TABLE tblProductData CHANGE stmTimestamp stmTimestamp INT NOT NULL':\n\nSQLSTATE[22003]: Numeric value out of range: 1264 Out of range value for column 'stmTimestamp' at row 1 at /home/ITRANSITION.CORP/p.eroshevich/test_task/vendor/doctrine/dbal/lib/Doctrine/DBAL/Driver/AbstractMySQLDriver.php:121, Doctrine\\DBAL\\Driver\\PDOException(code: 22003): SQLSTATE[22003]: Numeric value out of range: 1264 Out of range value for column 'stmTimestamp' at row 1 at /home/ITRANSITION.CORP/p.eroshevich/test_task/vendor/doctrine/dbal/lib/Doctrine/DBAL/Driver/PDOConnection.php:106, PDOException(code: 22003): SQLSTATE[22003]: Numeric value out of range: 1264 Out of range value for column 'stmTimestamp' at row 1 at /home/ITRANSITION.CORP/p.eroshevich/test_task/vendor/doctrine/dbal/lib/Doctrine/DBAL/Driver/PDOConnection.php:104)","command":"doctrine:migrations:migrate 20171110151803","message":"An exception occurred while executing 'ALTER TABLE tblProductData CHANGE stmTimestamp stmTimestamp INT NOT NULL':\n\nSQLSTATE[22003]: Numeric value out of range: 1264 Out of range value for column 'stmTimestamp' at row 1"} []
[2017-11-10 18:18:13] console.DEBUG: Command "doctrine:migrations:migrate 20171110151803" exited with code "1" {"command":"doctrine:migrations:migrate 20171110151803","code":1} []
[2017-11-10 18:23:59] doctrine.DEBUG: SHOW FULL TABLES WHERE Table_type = 'BASE TABLE' [] []
[2017-11-10 18:23:59] doctrine.DEBUG: SELECT version FROM migration_versions [] []
[2017-11-10 18:23:59] doctrine.DEBUG: SELECT version FROM migration_versions WHERE version IN ('20171104080154', '20171104080645', '20171109121752', '20171110151803') ORDER BY version DESC LIMIT 1 [] []
[2017-11-10 18:23:59] doctrine.DEBUG: SELECT version FROM migration_versions [] []
[2017-11-10 18:23:59] doctrine.DEBUG: "START TRANSACTION" [] []
[2017-11-10 18:23:59] doctrine.DEBUG: DROP INDEX tblProductData_strProductCode_uindex ON tblProductData [] []
[2017-11-10 18:23:59] doctrine.DEBUG: "ROLLBACK" [] []
[2017-11-10 18:23:59] console.ERROR: Error thrown while running command "doctrine:migrations:migrate 20171110151803". Message: "An exception occurred while executing 'DROP INDEX tblProductData_strProductCode_uindex ON tblProductData':  SQLSTATE[42000]: Syntax error or access violation: 1091 Can't DROP 'tblProductData_strProductCode_uindex'; check that column/key exists" {"error":"[object] (Doctrine\\DBAL\\Exception\\DriverException(code: 0): An exception occurred while executing 'DROP INDEX tblProductData_strProductCode_uindex ON tblProductData':\n\nSQLSTATE[42000]: Syntax error or access violation: 1091 Can't DROP 'tblProductData_strProductCode_uindex'; check that column/key exists at /home/ITRANSITION.CORP/p.eroshevich/test_task/vendor/doctrine/dbal/lib/Doctrine/DBAL/Driver/AbstractMySQLDriver.php:121, Doctrine\\DBAL\\Driver\\PDOException(code: 42000): SQLSTATE[42000]: Syntax error or access violation: 1091 Can't DROP 'tblProductData_strProductCode_uindex'; check that column/key exists at /home/ITRANSITION.CORP/p.eroshevich/test_task/vendor/doctrine/dbal/lib/Doctrine/DBAL/Driver/PDOConnection.php:106, PDOException(code: 42000): SQLSTATE[42000]: Syntax error or access violation: 1091 Can't DROP 'tblProductData_strProductCode_uindex'; check that column/key exists at /home/ITRANSITION.CORP/p.eroshevich/test_task/vendor/doctrine/dbal/lib/Doctrine/DBAL/Driver/PDOConnection.php:104)","command":"doctrine:migrations:migrate 20171110151803","message":"An exception occurred while executing 'DROP INDEX tblProductData_strProductCode_uindex ON tblProductData':\n\nSQLSTATE[42000]: Syntax error or access violation: 1091 Can't DROP 'tblProductData_strProductCode_uindex'; check that column/key exists"} []
[2017-11-10 18:23:59] console.DEBUG: Command "doctrine:migrations:migrate 20171110151803" exited with code "1" {"command":"doctrine:migrations:migrate 20171110151803","code":1} []
[2017-11-10 18:25:05] doctrine.DEBUG: SHOW FULL TABLES WHERE Table_type = 'BASE TABLE' [] []
[2017-11-10 18:25:05] doctrine.DEBUG: SELECT version FROM migration_versions [] []
[2017-11-10 18:25:05] doctrine.DEBUG: SELECT version FROM migration_versions WHERE version IN ('20171104080154', '20171104080645', '20171109121752', '20171110151803', '20171110152449') ORDER BY version DESC LIMIT 1 [] []
[2017-11-10 18:25:05] doctrine.DEBUG: SELECT version FROM migration_versions [] []
[2017-11-10 18:25:05] doctrine.DEBUG: "START TRANSACTION" [] []
[2017-11-10 18:25:05] doctrine.DEBUG: DROP INDEX tblProductData_strProductCode_uindex ON tblProductData [] []
[2017-11-10 18:25:05] doctrine.DEBUG: ALTER TABLE tblProductData CHANGE stmTimestamp stmTimestamp INT NOT NULL [] []
[2017-11-10 18:25:05] doctrine.DEBUG: "ROLLBACK" [] []
[2017-11-10 18:25:05] console.ERROR: Error thrown while running command "doctrine:migrations:migrate 20171110152449". Message: "An exception occurred while executing 'ALTER TABLE tblProductData CHANGE stmTimestamp stmTimestamp INT NOT NULL':  SQLSTATE[22003]: Numeric value out of range: 1264 Out of range value for column 'stmTimestamp' at row 1" {"error":"[object] (Doctrine\\DBAL\\Exception\\DriverException(code: 0): An exception occurred while executing 'ALTER TABLE tblProductData CHANGE stmTimestamp stmTimestamp INT NOT NULL':\n\nSQLSTATE[22003]: Numeric value out of range: 1264 Out of range value for column 'stmTimestamp' at row 1 at /home/ITRANSITION.CORP/p.eroshevich/test_task/vendor/doctrine/dbal/lib/Doctrine/DBAL/Driver/AbstractMySQLDriver.php:121, Doctrine\\DBAL\\Driver\\PDOException(code: 22003): SQLSTATE[22003]: Numeric value out of range: 1264 Out of range value for column 'stmTimestamp' at row 1 at /home/ITRANSITION.CORP/p.eroshevich/test_task/vendor/doctrine/dbal/lib/Doctrine/DBAL/Driver/PDOConnection.php:106, PDOException(code: 22003): SQLSTATE[22003]: Numeric value out of range: 1264 Out of range value for column 'stmTimestamp' at row 1 at /home/ITRANSITION.CORP/p.eroshevich/test_task/vendor/doctrine/dbal/lib/Doctrine/DBAL/Driver/PDOConnection.php:104)","command":"doctrine:migrations:migrate 20171110152449","message":"An exception occurred while executing 'ALTER TABLE tblProductData CHANGE stmTimestamp stmTimestamp INT NOT NULL':\n\nSQLSTATE[22003]: Numeric value out of range: 1264 Out of range value for column 'stmTimestamp' at row 1"} []
[2017-11-10 18:25:05] console.DEBUG: Command "doctrine:migrations:migrate 20171110152449" exited with code "1" {"command":"doctrine:migrations:migrate 20171110152449","code":1} []
[2017-11-10 18:28:49] doctrine.DEBUG: SHOW FULL TABLES WHERE Table_type = 'BASE TABLE' [] []
[2017-11-10 18:28:49] doctrine.DEBUG: SELECT version FROM migration_versions [] []
[2017-11-10 18:28:49] doctrine.DEBUG: SELECT version FROM migration_versions WHERE version IN ('20171104080154', '20171104080645', '20171109121752', '20171110151803', '20171110152449') ORDER BY version DESC LIMIT 1 [] []
[2017-11-10 18:28:49] doctrine.DEBUG: SELECT version FROM migration_versions [] []
[2017-11-10 18:28:49] doctrine.DEBUG: "START TRANSACTION" [] []
[2017-11-10 18:28:49] doctrine.DEBUG: DROP INDEX tblProductData_strProductCode_uindex ON tblProductData [] []
[2017-11-10 18:28:49] doctrine.DEBUG: "ROLLBACK" [] []
[2017-11-10 18:28:49] console.ERROR: Error thrown while running command "doctrine:migrations:migrate 20171110152449". Message: "An exception occurred while executing 'DROP INDEX tblProductData_strProductCode_uindex ON tblProductData':  SQLSTATE[42000]: Syntax error or access violation: 1091 Can't DROP 'tblProductData_strProductCode_uindex'; check that column/key exists" {"error":"[object] (Doctrine\\DBAL\\Exception\\DriverException(code: 0): An exception occurred while executing 'DROP INDEX tblProductData_strProductCode_uindex ON tblProductData':\n\nSQLSTATE[42000]: Syntax error or access violation: 1091 Can't DROP 'tblProductData_strProductCode_uindex'; check that column/key exists at /home/ITRANSITION.CORP/p.eroshevich/test_task/vendor/doctrine/dbal/lib/Doctrine/DBAL/Driver/AbstractMySQLDriver.php:121, Doctrine\\DBAL\\Driver\\PDOException(code: 42000): SQLSTATE[42000]: Syntax error or access violation: 1091 Can't DROP 'tblProductData_strProductCode_uindex'; check that column/key exists at /home/ITRANSITION.CORP/p.eroshevich/test_task/vendor/doctrine/dbal/lib/Doctrine/DBAL/Driver/PDOConnection.php:106, PDOException(code: 42000): SQLSTATE[42000]: Syntax error or access violation: 1091 Can't DROP 'tblProductData_strProductCode_uindex'; check that column/key exists at /home/ITRANSITION.CORP/p.eroshevich/test_task/vendor/doctrine/dbal/lib/Doctrine/DBAL/Driver/PDOConnection.php:104)","command":"doctrine:migrations:migrate 20171110152449","message":"An exception occurred while executing 'DROP INDEX tblProductData_strProductCode_uindex ON tblProductData':\n\nSQLSTATE[42000]: Syntax error or access violation: 1091 Can't DROP 'tblProductData_strProductCode_uindex'; check that column/key exists"} []
[2017-11-10 18:28:49] console.DEBUG: Command "doctrine:migrations:migrate 20171110152449" exited with code "1" {"command":"doctrine:migrations:migrate 20171110152449","code":1} []
[2017-11-10 18:29:52] doctrine.DEBUG: SHOW FULL TABLES WHERE Table_type = 'BASE TABLE' [] []
[2017-11-10 18:29:52] doctrine.DEBUG: SELECT version FROM migration_versions [] []
[2017-11-10 18:29:52] doctrine.DEBUG: SELECT version FROM migration_versions WHERE version IN ('20171104080154', '20171104080645', '20171109121752', '20171110151803', '20171110152449', '20171110152943') ORDER BY version DESC LIMIT 1 [] []
[2017-11-10 18:29:52] doctrine.DEBUG: SELECT version FROM migration_versions [] []
[2017-11-10 18:29:52] doctrine.DEBUG: "START TRANSACTION" [] []
[2017-11-10 18:29:52] doctrine.DEBUG: DROP INDEX tblProductData_strProductCode_uindex ON tblProductData [] []
[2017-11-10 18:29:52] doctrine.DEBUG: ALTER TABLE tblProductData CHANGE stmTimestamp stmTimestamp INT NOT NULL [] []
[2017-11-10 18:29:53] doctrine.DEBUG: "ROLLBACK" [] []
[2017-11-10 18:29:53] console.ERROR: Error thrown while running command "doctrine:migrations:migrate 20171110152943". Message: "An exception occurred while executing 'ALTER TABLE tblProductData CHANGE stmTimestamp stmTimestamp INT NOT NULL':  SQLSTATE[22003]: Numeric value out of range: 1264 Out of range value for column 'stmTimestamp' at row 1" {"error":"[object] (Doctrine\\DBAL\\Exception\\DriverException(code: 0): An exception occurred while executing 'ALTER TABLE tblProductData CHANGE stmTimestamp stmTimestamp INT NOT NULL':\n\nSQLSTATE[22003]: Numeric value out of range: 1264 Out of range value for column 'stmTimestamp' at row 1 at /home/ITRANSITION.CORP/p.eroshevich/test_task/vendor/doctrine/dbal/lib/Doctrine/DBAL/Driver/AbstractMySQLDriver.php:121, Doctrine\\DBAL\\Driver\\PDOException(code: 22003): SQLSTATE[22003]: Numeric value out of range: 1264 Out of range value for column 'stmTimestamp' at row 1 at /home/ITRANSITION.CORP/p.eroshevich/test_task/vendor/doctrine/dbal/lib/Doctrine/DBAL/Driver/PDOConnection.php:106, PDOException(code: 22003): SQLSTATE[22003]: Numeric value out of range: 1264 Out of range value for column 'stmTimestamp' at row 1 at /home/ITRANSITION.CORP/p.eroshevich/test_task/vendor/doctrine/dbal/lib/Doctrine/DBAL/Driver/PDOConnection.php:104)","command":"doctrine:migrations:migrate 20171110152943","message":"An exception occurred while executing 'ALTER TABLE tblProductData CHANGE stmTimestamp stmTimestamp INT NOT NULL':\n\nSQLSTATE[22003]: Numeric value out of range: 1264 Out of range value for column 'stmTimestamp' at row 1"} []
[2017-11-10 18:29:53] console.DEBUG: Command "doctrine:migrations:migrate 20171110152943" exited with code "1" {"command":"doctrine:migrations:migrate 20171110152943","code":1} []
[2017-11-10 18:45:03] doctrine.DEBUG: SHOW FULL TABLES WHERE Table_type = 'BASE TABLE' [] []
[2017-11-10 18:45:03] doctrine.DEBUG: SELECT COLUMN_NAME AS Field, COLUMN_TYPE AS Type, IS_NULLABLE AS `Null`, COLUMN_KEY AS `Key`, COLUMN_DEFAULT AS `Default`, EXTRA AS Extra, COLUMN_COMMENT AS Comment, CHARACTER_SET_NAME AS CharacterSet, COLLATION_NAME AS Collation FROM information_schema.COLUMNS WHERE TABLE_SCHEMA = 'importTest' AND TABLE_NAME = 'migration_versions' [] []
[2017-11-10 18:45:03] doctrine.DEBUG: SELECT DISTINCT k.`CONSTRAINT_NAME`, k.`COLUMN_NAME`, k.`REFERENCED_TABLE_NAME`, k.`REFERENCED_COLUMN_NAME` /*!50116 , c.update_rule, c.delete_rule */ FROM information_schema.key_column_usage k /*!50116 INNER JOIN information_schema.referential_constraints c ON   c.constraint_name = k.constraint_name AND   c.table_name = 'migration_versions' */ WHERE k.table_name = 'migration_versions' AND k.table_schema = 'importTest' /*!50116 AND c.constraint_schema = 'importTest' */ AND k.`REFERENCED_COLUMN_NAME` is not NULL [] []
[2017-11-10 18:45:03] doctrine.DEBUG: SELECT TABLE_NAME AS `Table`, NON_UNIQUE AS Non_Unique, INDEX_NAME AS Key_name, SEQ_IN_INDEX AS Seq_in_index, COLUMN_NAME AS Column_Name, COLLATION AS Collation, CARDINALITY AS Cardinality, SUB_PART AS Sub_Part, PACKED AS Packed, NULLABLE AS `Null`, INDEX_TYPE AS Index_Type, COMMENT AS Comment FROM information_schema.STATISTICS WHERE TABLE_NAME = 'migration_versions' AND TABLE_SCHEMA = 'importTest' [] []
[2017-11-10 18:45:03] doctrine.DEBUG: SELECT COLUMN_NAME AS Field, COLUMN_TYPE AS Type, IS_NULLABLE AS `Null`, COLUMN_KEY AS `Key`, COLUMN_DEFAULT AS `Default`, EXTRA AS Extra, COLUMN_COMMENT AS Comment, CHARACTER_SET_NAME AS CharacterSet, COLLATION_NAME AS Collation FROM information_schema.COLUMNS WHERE TABLE_SCHEMA = 'importTest' AND TABLE_NAME = 'tblProductData' [] []
[2017-11-10 18:45:03] doctrine.DEBUG: SELECT DISTINCT k.`CONSTRAINT_NAME`, k.`COLUMN_NAME`, k.`REFERENCED_TABLE_NAME`, k.`REFERENCED_COLUMN_NAME` /*!50116 , c.update_rule, c.delete_rule */ FROM information_schema.key_column_usage k /*!50116 INNER JOIN information_schema.referential_constraints c ON   c.constraint_name = k.constraint_name AND   c.table_name = 'tblProductData' */ WHERE k.table_name = 'tblProductData' AND k.table_schema = 'importTest' /*!50116 AND c.constraint_schema = 'importTest' */ AND k.`REFERENCED_COLUMN_NAME` is not NULL [] []
[2017-11-10 18:45:03] doctrine.DEBUG: SELECT TABLE_NAME AS `Table`, NON_UNIQUE AS Non_Unique, INDEX_NAME AS Key_name, SEQ_IN_INDEX AS Seq_in_index, COLUMN_NAME AS Column_Name, COLLATION AS Collation, CARDINALITY AS Cardinality, SUB_PART AS Sub_Part, PACKED AS Packed, NULLABLE AS `Null`, INDEX_TYPE AS Index_Type, COMMENT AS Comment FROM information_schema.STATISTICS WHERE TABLE_NAME = 'tblProductData' AND TABLE_SCHEMA = 'importTest' [] []
[2017-11-10 18:45:03] console.ERROR: Error thrown while running command "doctrine:migrations:diff". Message: "Unknown column type "stmTimestamp" requested. Any Doctrine type that you use has to be registered with \Doctrine\DBAL\Types\Type::addType(). You can get a list of all the known types with \Doctrine\DBAL\Types\Type::getTypesMap(). If this error occurs during database introspection then you might have forgotten to register all database types for a Doctrine Type. Use AbstractPlatform#registerDoctrineTypeMapping() or have your custom types implement Type#getMappedDatabaseTypes(). If the type name is empty you might have a problem with the cache or forgot some mapping information." {"error":"[object] (Doctrine\\DBAL\\DBALException(code: 0): Unknown column type \"stmTimestamp\" requested. Any Doctrine type that you use has to be registered with \\Doctrine\\DBAL\\Types\\Type::addType(). You can get a list of all the known types with \\Doctrine\\DBAL\\Types\\Type::getTypesMap(). If this error occurs during database introspection then you might have forgotten to register all database types for a Doctrine Type. Use AbstractPlatform#registerDoctrineTypeMapping() or have your custom types implement Type#getMappedDatabaseTypes(). If the type name is empty you might have a problem with the cache or forgot some mapping information. at /home/ITRANSITION.CORP/p.eroshevich/test_task/vendor/doctrine/dbal/lib/Doctrine/DBAL/DBALException.php:271)","command":"doctrine:migrations:diff","message":"Unknown column type \"stmTimestamp\" requested. Any Doctrine type that you use has to be registered with \\Doctrine\\DBAL\\Types\\Type::addType(). You can get a list of all the known types with \\Doctrine\\DBAL\\Types\\Type::getTypesMap(). If this error occurs during database introspection then you might have forgotten to register all database types for a Doctrine Type. Use AbstractPlatform#registerDoctrineTypeMapping() or have your custom types implement Type#getMappedDatabaseTypes(). If the type name is empty you might have a problem with the cache or forgot some mapping information."} []
[2017-11-10 18:45:03] console.DEBUG: Command "doctrine:migrations:diff" exited with code "1" {"command":"doctrine:migrations:diff","code":1} []
[2017-11-10 18:45:35] doctrine.DEBUG: SHOW FULL TABLES WHERE Table_type = 'BASE TABLE' [] []
[2017-11-10 18:45:35] doctrine.DEBUG: SELECT COLUMN_NAME AS Field, COLUMN_TYPE AS Type, IS_NULLABLE AS `Null`, COLUMN_KEY AS `Key`, COLUMN_DEFAULT AS `Default`, EXTRA AS Extra, COLUMN_COMMENT AS Comment, CHARACTER_SET_NAME AS CharacterSet, COLLATION_NAME AS Collation FROM information_schema.COLUMNS WHERE TABLE_SCHEMA = 'importTest' AND TABLE_NAME = 'migration_versions' [] []
[2017-11-10 18:45:35] doctrine.DEBUG: SELECT DISTINCT k.`CONSTRAINT_NAME`, k.`COLUMN_NAME`, k.`REFERENCED_TABLE_NAME`, k.`REFERENCED_COLUMN_NAME` /*!50116 , c.update_rule, c.delete_rule */ FROM information_schema.key_column_usage k /*!50116 INNER JOIN information_schema.referential_constraints c ON   c.constraint_name = k.constraint_name AND   c.table_name = 'migration_versions' */ WHERE k.table_name = 'migration_versions' AND k.table_schema = 'importTest' /*!50116 AND c.constraint_schema = 'importTest' */ AND k.`REFERENCED_COLUMN_NAME` is not NULL [] []
[2017-11-10 18:45:35] doctrine.DEBUG: SELECT TABLE_NAME AS `Table`, NON_UNIQUE AS Non_Unique, INDEX_NAME AS Key_name, SEQ_IN_INDEX AS Seq_in_index, COLUMN_NAME AS Column_Name, COLLATION AS Collation, CARDINALITY AS Cardinality, SUB_PART AS Sub_Part, PACKED AS Packed, NULLABLE AS `Null`, INDEX_TYPE AS Index_Type, COMMENT AS Comment FROM information_schema.STATISTICS WHERE TABLE_NAME = 'migration_versions' AND TABLE_SCHEMA = 'importTest' [] []
[2017-11-10 18:45:35] doctrine.DEBUG: SELECT COLUMN_NAME AS Field, COLUMN_TYPE AS Type, IS_NULLABLE AS `Null`, COLUMN_KEY AS `Key`, COLUMN_DEFAULT AS `Default`, EXTRA AS Extra, COLUMN_COMMENT AS Comment, CHARACTER_SET_NAME AS CharacterSet, COLLATION_NAME AS Collation FROM information_schema.COLUMNS WHERE TABLE_SCHEMA = 'importTest' AND TABLE_NAME = 'tblProductData' [] []
[2017-11-10 18:45:35] doctrine.DEBUG: SELECT DISTINCT k.`CONSTRAINT_NAME`, k.`COLUMN_NAME`, k.`REFERENCED_TABLE_NAME`, k.`REFERENCED_COLUMN_NAME` /*!50116 , c.update_rule, c.delete_rule */ FROM information_schema.key_column_usage k /*!50116 INNER JOIN information_schema.referential_constraints c ON   c.constraint_name = k.constraint_name AND   c.table_name = 'tblProductData' */ WHERE k.table_name = 'tblProductData' AND k.table_schema = 'importTest' /*!50116 AND c.constraint_schema = 'importTest' */ AND k.`REFERENCED_COLUMN_NAME` is not NULL [] []
[2017-11-10 18:45:35] doctrine.DEBUG: SELECT TABLE_NAME AS `Table`, NON_UNIQUE AS Non_Unique, INDEX_NAME AS Key_name, SEQ_IN_INDEX AS Seq_in_index, COLUMN_NAME AS Column_Name, COLLATION AS Collation, CARDINALITY AS Cardinality, SUB_PART AS Sub_Part, PACKED AS Packed, NULLABLE AS `Null`, INDEX_TYPE AS Index_Type, COMMENT AS Comment FROM information_schema.STATISTICS WHERE TABLE_NAME = 'tblProductData' AND TABLE_SCHEMA = 'importTest' [] []
[2017-11-10 18:45:35] console.ERROR: Error thrown while running command "doctrine:migrations:diff". Message: "Unknown column type "stmTimestamp" requested. Any Doctrine type that you use has to be registered with \Doctrine\DBAL\Types\Type::addType(). You can get a list of all the known types with \Doctrine\DBAL\Types\Type::getTypesMap(). If this error occurs during database introspection then you might have forgotten to register all database types for a Doctrine Type. Use AbstractPlatform#registerDoctrineTypeMapping() or have your custom types implement Type#getMappedDatabaseTypes(). If the type name is empty you might have a problem with the cache or forgot some mapping information." {"error":"[object] (Doctrine\\DBAL\\DBALException(code: 0): Unknown column type \"stmTimestamp\" requested. Any Doctrine type that you use has to be registered with \\Doctrine\\DBAL\\Types\\Type::addType(). You can get a list of all the known types with \\Doctrine\\DBAL\\Types\\Type::getTypesMap(). If this error occurs during database introspection then you might have forgotten to register all database types for a Doctrine Type. Use AbstractPlatform#registerDoctrineTypeMapping() or have your custom types implement Type#getMappedDatabaseTypes(). If the type name is empty you might have a problem with the cache or forgot some mapping information. at /home/ITRANSITION.CORP/p.eroshevich/test_task/vendor/doctrine/dbal/lib/Doctrine/DBAL/DBALException.php:271)","command":"doctrine:migrations:diff","message":"Unknown column type \"stmTimestamp\" requested. Any Doctrine type that you use has to be registered with \\Doctrine\\DBAL\\Types\\Type::addType(). You can get a list of all the known types with \\Doctrine\\DBAL\\Types\\Type::getTypesMap(). If this error occurs during database introspection then you might have forgotten to register all database types for a Doctrine Type. Use AbstractPlatform#registerDoctrineTypeMapping() or have your custom types implement Type#getMappedDatabaseTypes(). If the type name is empty you might have a problem with the cache or forgot some mapping information."} []
[2017-11-10 18:45:35] console.DEBUG: Command "doctrine:migrations:diff" exited with code "1" {"command":"doctrine:migrations:diff","code":1} []
[2017-11-10 18:46:18] doctrine.DEBUG: SHOW FULL TABLES WHERE Table_type = 'BASE TABLE' [] []
[2017-11-10 18:46:18] doctrine.DEBUG: SELECT COLUMN_NAME AS Field, COLUMN_TYPE AS Type, IS_NULLABLE AS `Null`, COLUMN_KEY AS `Key`, COLUMN_DEFAULT AS `Default`, EXTRA AS Extra, COLUMN_COMMENT AS Comment, CHARACTER_SET_NAME AS CharacterSet, COLLATION_NAME AS Collation FROM information_schema.COLUMNS WHERE TABLE_SCHEMA = 'importTest' AND TABLE_NAME = 'migration_versions' [] []
[2017-11-10 18:46:18] doctrine.DEBUG: SELECT DISTINCT k.`CONSTRAINT_NAME`, k.`COLUMN_NAME`, k.`REFERENCED_TABLE_NAME`, k.`REFERENCED_COLUMN_NAME` /*!50116 , c.update_rule, c.delete_rule */ FROM information_schema.key_column_usage k /*!50116 INNER JOIN information_schema.referential_constraints c ON   c.constraint_name = k.constraint_name AND   c.table_name = 'migration_versions' */ WHERE k.table_name = 'migration_versions' AND k.table_schema = 'importTest' /*!50116 AND c.constraint_schema = 'importTest' */ AND k.`REFERENCED_COLUMN_NAME` is not NULL [] []
[2017-11-10 18:46:18] doctrine.DEBUG: SELECT TABLE_NAME AS `Table`, NON_UNIQUE AS Non_Unique, INDEX_NAME AS Key_name, SEQ_IN_INDEX AS Seq_in_index, COLUMN_NAME AS Column_Name, COLLATION AS Collation, CARDINALITY AS Cardinality, SUB_PART AS Sub_Part, PACKED AS Packed, NULLABLE AS `Null`, INDEX_TYPE AS Index_Type, COMMENT AS Comment FROM information_schema.STATISTICS WHERE TABLE_NAME = 'migration_versions' AND TABLE_SCHEMA = 'importTest' [] []
[2017-11-10 18:46:18] doctrine.DEBUG: SELECT COLUMN_NAME AS Field, COLUMN_TYPE AS Type, IS_NULLABLE AS `Null`, COLUMN_KEY AS `Key`, COLUMN_DEFAULT AS `Default`, EXTRA AS Extra, COLUMN_COMMENT AS Comment, CHARACTER_SET_NAME AS CharacterSet, COLLATION_NAME AS Collation FROM information_schema.COLUMNS WHERE TABLE_SCHEMA = 'importTest' AND TABLE_NAME = 'tblProductData' [] []
[2017-11-10 18:46:18] doctrine.DEBUG: SELECT DISTINCT k.`CONSTRAINT_NAME`, k.`COLUMN_NAME`, k.`REFERENCED_TABLE_NAME`, k.`REFERENCED_COLUMN_NAME` /*!50116 , c.update_rule, c.delete_rule */ FROM information_schema.key_column_usage k /*!50116 INNER JOIN information_schema.referential_constraints c ON   c.constraint_name = k.constraint_name AND   c.table_name = 'tblProductData' */ WHERE k.table_name = 'tblProductData' AND k.table_schema = 'importTest' /*!50116 AND c.constraint_schema = 'importTest' */ AND k.`REFERENCED_COLUMN_NAME` is not NULL [] []
[2017-11-10 18:46:18] doctrine.DEBUG: SELECT TABLE_NAME AS `Table`, NON_UNIQUE AS Non_Unique, INDEX_NAME AS Key_name, SEQ_IN_INDEX AS Seq_in_index, COLUMN_NAME AS Column_Name, COLLATION AS Collation, CARDINALITY AS Cardinality, SUB_PART AS Sub_Part, PACKED AS Packed, NULLABLE AS `Null`, INDEX_TYPE AS Index_Type, COMMENT AS Comment FROM information_schema.STATISTICS WHERE TABLE_NAME = 'tblProductData' AND TABLE_SCHEMA = 'importTest' [] []
[2017-11-10 18:46:52] doctrine.DEBUG: SHOW FULL TABLES WHERE Table_type = 'BASE TABLE' [] []
[2017-11-10 18:46:52] doctrine.DEBUG: SELECT version FROM migration_versions [] []
[2017-11-10 18:46:52] doctrine.DEBUG: SELECT version FROM migration_versions WHERE version IN ('20171104080154', '20171104080645', '20171109121752', '20171110151803', '20171110152449', '20171110152943', '20171110154618', '20171110154641') ORDER BY version DESC LIMIT 1 [] []
[2017-11-10 18:46:52] doctrine.DEBUG: SELECT version FROM migration_versions [] []
[2017-11-10 18:46:52] doctrine.DEBUG: "START TRANSACTION" [] []
[2017-11-10 18:46:52] doctrine.DEBUG: DROP INDEX tblProductData_strProductCode_uindex ON tblProductData [] []
[2017-11-10 18:46:53] doctrine.DEBUG: ALTER TABLE tblProductData CHANGE stmTimestamp stmTimestamp INT NOT NULL [] []
[2017-11-10 18:46:53] doctrine.DEBUG: "ROLLBACK" [] []
[2017-11-10 18:46:53] console.ERROR: Error thrown while running command "doctrine:migrations:migrate 20171110154641". Message: "An exception occurred while executing 'ALTER TABLE tblProductData CHANGE stmTimestamp stmTimestamp INT NOT NULL':  SQLSTATE[42S22]: Column not found: 1054 Unknown column 'stmTimestamp' in 'tblProductData'" {"error":"[object] (Doctrine\\DBAL\\Exception\\InvalidFieldNameException(code: 0): An exception occurred while executing 'ALTER TABLE tblProductData CHANGE stmTimestamp stmTimestamp INT NOT NULL':\n\nSQLSTATE[42S22]: Column not found: 1054 Unknown column 'stmTimestamp' in 'tblProductData' at /home/ITRANSITION.CORP/p.eroshevich/test_task/vendor/doctrine/dbal/lib/Doctrine/DBAL/Driver/AbstractMySQLDriver.php:75, Doctrine\\DBAL\\Driver\\PDOException(code: 42S22): SQLSTATE[42S22]: Column not found: 1054 Unknown column 'stmTimestamp' in 'tblProductData' at /home/ITRANSITION.CORP/p.eroshevich/test_task/vendor/doctrine/dbal/lib/Doctrine/DBAL/Driver/PDOConnection.php:106, PDOException(code: 42S22): SQLSTATE[42S22]: Column not found: 1054 Unknown column 'stmTimestamp' in 'tblProductData' at /home/ITRANSITION.CORP/p.eroshevich/test_task/vendor/doctrine/dbal/lib/Doctrine/DBAL/Driver/PDOConnection.php:104)","command":"doctrine:migrations:migrate 20171110154641","message":"An exception occurred while executing 'ALTER TABLE tblProductData CHANGE stmTimestamp stmTimestamp INT NOT NULL':\n\nSQLSTATE[42S22]: Column not found: 1054 Unknown column 'stmTimestamp' in 'tblProductData'"} []
[2017-11-10 18:46:53] console.DEBUG: Command "doctrine:migrations:migrate 20171110154641" exited with code "1" {"command":"doctrine:migrations:migrate 20171110154641","code":1} []
[2017-11-10 18:47:44] doctrine.DEBUG: SHOW FULL TABLES WHERE Table_type = 'BASE TABLE' [] []
[2017-11-10 18:47:44] doctrine.DEBUG: SELECT version FROM migration_versions [] []
[2017-11-10 18:47:44] doctrine.DEBUG: SELECT version FROM migration_versions WHERE version IN ('20171104080154', '20171104080645', '20171109121752', '20171110151803', '20171110152449', '20171110152943', '20171110154618', '20171110154641') ORDER BY version DESC LIMIT 1 [] []
[2017-11-10 18:47:44] doctrine.DEBUG: SELECT version FROM migration_versions [] []
[2017-11-10 18:47:44] doctrine.DEBUG: "START TRANSACTION" [] []
[2017-11-10 18:47:44] doctrine.DEBUG: DROP INDEX tblProductData_strProductCode_uindex ON tblProductData [] []
[2017-11-10 18:47:44] doctrine.DEBUG: "ROLLBACK" [] []
[2017-11-10 18:47:44] console.ERROR: Error thrown while running command "doctrine:migrations:migrate 20171110154641". Message: "An exception occurred while executing 'DROP INDEX tblProductData_strProductCode_uindex ON tblProductData':  SQLSTATE[42000]: Syntax error or access violation: 1091 Can't DROP 'tblProductData_strProductCode_uindex'; check that column/key exists" {"error":"[object] (Doctrine\\DBAL\\Exception\\DriverException(code: 0): An exception occurred while executing 'DROP INDEX tblProductData_strProductCode_uindex ON tblProductData':\n\nSQLSTATE[42000]: Syntax error or access violation: 1091 Can't DROP 'tblProductData_strProductCode_uindex'; check that column/key exists at /home/ITRANSITION.CORP/p.eroshevich/test_task/vendor/doctrine/dbal/lib/Doctrine/DBAL/Driver/AbstractMySQLDriver.php:121, Doctrine\\DBAL\\Driver\\PDOException(code: 42000): SQLSTATE[42000]: Syntax error or access violation: 1091 Can't DROP 'tblProductData_strProductCode_uindex'; check that column/key exists at /home/ITRANSITION.CORP/p.eroshevich/test_task/vendor/doctrine/dbal/lib/Doctrine/DBAL/Driver/PDOConnection.php:106, PDOException(code: 42000): SQLSTATE[42000]: Syntax error or access violation: 1091 Can't DROP 'tblProductData_strProductCode_uindex'; check that column/key exists at /home/ITRANSITION.CORP/p.eroshevich/test_task/vendor/doctrine/dbal/lib/Doctrine/DBAL/Driver/PDOConnection.php:104)","command":"doctrine:migrations:migrate 20171110154641","message":"An exception occurred while executing 'DROP INDEX tblProductData_strProductCode_uindex ON tblProductData':\n\nSQLSTATE[42000]: Syntax error or access violation: 1091 Can't DROP 'tblProductData_strProductCode_uindex'; check that column/key exists"} []
[2017-11-10 18:47:44] console.DEBUG: Command "doctrine:migrations:migrate 20171110154641" exited with code "1" {"command":"doctrine:migrations:migrate 20171110154641","code":1} []
[2017-11-10 18:48:32] doctrine.DEBUG: SHOW FULL TABLES WHERE Table_type = 'BASE TABLE' [] []
[2017-11-10 18:48:32] doctrine.DEBUG: SELECT version FROM migration_versions [] []
[2017-11-10 18:48:32] doctrine.DEBUG: SELECT version FROM migration_versions WHERE version IN ('20171104080154', '20171104080645', '20171109121752', '20171110151803', '20171110152449', '20171110152943', '20171110154618', '20171110154641') ORDER BY version DESC LIMIT 1 [] []
[2017-11-10 18:48:32] doctrine.DEBUG: SELECT version FROM migration_versions [] []
[2017-11-10 18:48:32] doctrine.DEBUG: "START TRANSACTION" [] []
[2017-11-10 18:48:32] doctrine.DEBUG: DROP INDEX tblProductData_strProductCode_uindex ON tblProductData [] []
[2017-11-10 18:48:32] doctrine.DEBUG: "ROLLBACK" [] []
[2017-11-10 18:48:32] console.ERROR: Error thrown while running command "doctrine:migrations:migrate 20171110154641". Message: "An exception occurred while executing 'DROP INDEX tblProductData_strProductCode_uindex ON tblProductData':  SQLSTATE[42000]: Syntax error or access violation: 1091 Can't DROP 'tblProductData_strProductCode_uindex'; check that column/key exists" {"error":"[object] (Doctrine\\DBAL\\Exception\\DriverException(code: 0): An exception occurred while executing 'DROP INDEX tblProductData_strProductCode_uindex ON tblProductData':\n\nSQLSTATE[42000]: Syntax error or access violation: 1091 Can't DROP 'tblProductData_strProductCode_uindex'; check that column/key exists at /home/ITRANSITION.CORP/p.eroshevich/test_task/vendor/doctrine/dbal/lib/Doctrine/DBAL/Driver/AbstractMySQLDriver.php:121, Doctrine\\DBAL\\Driver\\PDOException(code: 42000): SQLSTATE[42000]: Syntax error or access violation: 1091 Can't DROP 'tblProductData_strProductCode_uindex'; check that column/key exists at /home/ITRANSITION.CORP/p.eroshevich/test_task/vendor/doctrine/dbal/lib/Doctrine/DBAL/Driver/PDOConnection.php:106, PDOException(code: 42000): SQLSTATE[42000]: Syntax error or access violation: 1091 Can't DROP 'tblProductData_strProductCode_uindex'; check that column/key exists at /home/ITRANSITION.CORP/p.eroshevich/test_task/vendor/doctrine/dbal/lib/Doctrine/DBAL/Driver/PDOConnection.php:104)","command":"doctrine:migrations:migrate 20171110154641","message":"An exception occurred while executing 'DROP INDEX tblProductData_strProductCode_uindex ON tblProductData':\n\nSQLSTATE[42000]: Syntax error or access violation: 1091 Can't DROP 'tblProductData_strProductCode_uindex'; check that column/key exists"} []
[2017-11-10 18:48:32] console.DEBUG: Command "doctrine:migrations:migrate 20171110154641" exited with code "1" {"command":"doctrine:migrations:migrate 20171110154641","code":1} []
[2017-11-10 18:49:11] doctrine.DEBUG: SHOW FULL TABLES WHERE Table_type = 'BASE TABLE' [] []
[2017-11-10 18:49:11] doctrine.DEBUG: SELECT version FROM migration_versions [] []
[2017-11-10 18:49:11] doctrine.DEBUG: SELECT version FROM migration_versions WHERE version IN ('20171104080154', '20171110154641') ORDER BY version DESC LIMIT 1 [] []
[2017-11-10 18:49:11] doctrine.DEBUG: SELECT version FROM migration_versions [] []
[2017-11-10 18:49:11] doctrine.DEBUG: "START TRANSACTION" [] []
[2017-11-10 18:49:11] doctrine.DEBUG: DROP INDEX tblProductData_strProductCode_uindex ON tblProductData [] []
[2017-11-10 18:49:11] doctrine.DEBUG: "ROLLBACK" [] []
[2017-11-10 18:49:11] console.ERROR: Error thrown while running command "doctrine:migrations:migrate 20171110154641". Message: "An exception occurred while executing 'DROP INDEX tblProductData_strProductCode_uindex ON tblProductData':  SQLSTATE[42000]: Syntax error or access violation: 1091 Can't DROP 'tblProductData_strProductCode_uindex'; check that column/key exists" {"error":"[object] (Doctrine\\DBAL\\Exception\\DriverException(code: 0): An exception occurred while executing 'DROP INDEX tblProductData_strProductCode_uindex ON tblProductData':\n\nSQLSTATE[42000]: Syntax error or access violation: 1091 Can't DROP 'tblProductData_strProductCode_uindex'; check that column/key exists at /home/ITRANSITION.CORP/p.eroshevich/test_task/vendor/doctrine/dbal/lib/Doctrine/DBAL/Driver/AbstractMySQLDriver.php:121, Doctrine\\DBAL\\Driver\\PDOException(code: 42000): SQLSTATE[42000]: Syntax error or access violation: 1091 Can't DROP 'tblProductData_strProductCode_uindex'; check that column/key exists at /home/ITRANSITION.CORP/p.eroshevich/test_task/vendor/doctrine/dbal/lib/Doctrine/DBAL/Driver/PDOConnection.php:106, PDOException(code: 42000): SQLSTATE[42000]: Syntax error or access violation: 1091 Can't DROP 'tblProductData_strProductCode_uindex'; check that column/key exists at /home/ITRANSITION.CORP/p.eroshevich/test_task/vendor/doctrine/dbal/lib/Doctrine/DBAL/Driver/PDOConnection.php:104)","command":"doctrine:migrations:migrate 20171110154641","message":"An exception occurred while executing 'DROP INDEX tblProductData_strProductCode_uindex ON tblProductData':\n\nSQLSTATE[42000]: Syntax error or access violation: 1091 Can't DROP 'tblProductData_strProductCode_uindex'; check that column/key exists"} []
[2017-11-10 18:49:11] console.DEBUG: Command "doctrine:migrations:migrate 20171110154641" exited with code "1" {"command":"doctrine:migrations:migrate 20171110154641","code":1} []
[2017-11-10 18:49:43] doctrine.DEBUG: SHOW FULL TABLES WHERE Table_type = 'BASE TABLE' [] []
[2017-11-10 18:49:43] doctrine.DEBUG: SELECT version FROM migration_versions [] []
[2017-11-10 18:49:43] doctrine.DEBUG: SELECT version FROM migration_versions WHERE version IN ('20171104080154', '20171110154641') ORDER BY version DESC LIMIT 1 [] []
[2017-11-10 18:49:43] doctrine.DEBUG: SELECT version FROM migration_versions [] []
[2017-11-10 18:49:43] doctrine.DEBUG: "START TRANSACTION" [] []
[2017-11-10 18:49:43] doctrine.DEBUG: DROP INDEX tblProductData_strProductCode_uindex ON tblProductData [] []
[2017-11-10 18:49:43] doctrine.DEBUG: ALTER TABLE tblProductData ADD intProductStock INT NOT NULL, ADD numProductCost NUMERIC(10, 0) NOT NULL [] []
[2017-11-10 18:49:43] doctrine.DEBUG: INSERT INTO migration_versions (version) VALUES (?) ["20171110154641"] []
[2017-11-10 18:49:44] doctrine.DEBUG: "COMMIT" [] []
[2017-11-10 18:50:07] doctrine.DEBUG: SHOW FULL TABLES WHERE Table_type = 'BASE TABLE' [] []
[2017-11-10 18:50:07] doctrine.DEBUG: SELECT version FROM migration_versions [] []
[2017-11-10 18:50:07] doctrine.DEBUG: SELECT version FROM migration_versions WHERE version IN ('20171104080154', '20171110154641') ORDER BY version DESC LIMIT 1 [] []
[2017-11-10 18:50:07] doctrine.DEBUG: SELECT version FROM migration_versions [] []
